JvmtiExport can_access_local_variables 0
JvmtiExport can_hotswap_or_post_breakpoint 0
JvmtiExport can_post_on_exceptions 0
# 138 ciObject found
ciMethod javax/swing/text/Element getStartOffset ()I 0 0 1 0 -1
ciMethod javax/swing/text/Position getOffset ()I 0 0 1 0 -1
ciMethod org/netbeans/editor/MarkVector getOffset (I)I 4097 1 21214 0 0
ciMethod org/netbeans/editor/MultiMark getOffset ()I 3665 1 5622 0 640
ciMethod org/netbeans/editor/BasePosition getOffset ()I 4097 1 5877 0 640
ciMethod org/netbeans/editor/LineRootElement getElement (I)Ljavax/swing/text/Element; 4097 1 5984 0 288
ciMethod org/netbeans/editor/LineRootElement getElementIndex (I)I 4097 1 5632 0 -1
ciMethod org/netbeans/lib/editor/util/swing/GapBranchElement getElementCount ()I 4097 1 10062 0 96
ciMethod org/netbeans/lib/editor/util/swing/GapBranchElement getElement (I)Ljavax/swing/text/Element; 4097 1 5984 0 0
ciMethod org/netbeans/lib/editor/util/swing/GapBranchElement getElementIndex (I)I 1097 6609 1888 0 0
ciMethod org/netbeans/editor/LineElement getStartOffset ()I 4097 1 5687 0 672
ciMethod org/netbeans/lib/editor/util/GapList size ()I 4097 1 10252 0 0
ciMethod org/netbeans/lib/editor/util/GapList get (I)Ljava/lang/Object; 4097 1 6428 0 0
ciMethodData org/netbeans/editor/MarkVector getOffset (I)I 2 21214 orig 264 88 66 108 118 0 0 0 0 232 25 131 251 0 0 0 0 96 1 0 0 0 0 0 0 0 0 0 0 0 0 0 0 0 0 0 0 0 0 0 0 0 0 0 0 0 0 0 0 0 0 0 0 0 0 0 0 0 0 0 0 0 0 0 0 0 0 0 0 0 0 0 0 0 0 0 0 0 0 0 0 77 68 79 32 101 120 116 114 97 32 100 97 116 97 32 108 111 99 107 0 0 0 0 0 0 0 0 0 0 0 0 0 0 0 0 0 0 0 0 0 0 0 0 0 0 0 0 0 0 0 0 0 0 0 0 0 0 0 0 0 0 0 0 0 0 0 0 0 0 0 0 0 0 0 0 0 0 0 0 0 0 0 0 0 0 0 0 0 0 0 0 0 0 0 0 0 0 0 0 0 0 0 0 0 0 0 0 0 0 0 0 0 0 0 0 0 0 0 0 0 0 0 0 0 0 0 0 0 0 0 0 0 0 0 0 0 0 2 0 0 241 134 2 0 1 0 0 0 0 0 0 0 0 0 0 0 2 0 0 0 0 0 6 0 2 0 0 0 56 0 0 0 255 255 255 255 7 0 5 0 0 0 0 0 data 7 0x50007 0x350 0x38 0x4d8e 0x90003 0x4d8e 0x18 oops 0
ciMethodData org/netbeans/editor/MultiMark getOffset ()I 2 5622 orig 264 88 66 108 118 0 0 0 0 160 49 131 251 0 0 0 0 224 1 0 0 112 0 0 0 0 0 0 0 0 0 0 0 0 0 0 0 0 0 0 0 0 0 0 0 0 0 0 0 0 0 0 0 0 0 0 0 0 0 0 0 0 0 0 0 0 0 0 0 0 0 0 0 0 0 0 0 0 0 0 0 77 68 79 32 101 120 116 114 97 32 100 97 116 97 32 108 111 99 107 0 0 0 0 0 0 0 0 0 0 0 0 0 0 0 0 0 0 0 0 0 0 0 0 0 0 0 0 0 0 0 0 0 0 0 0 0 0 0 0 0 0 0 0 0 0 0 0 0 0 0 0 0 0 0 0 0 0 0 0 0 0 0 0 0 0 0 0 0 0 0 0 0 0 0 0 0 0 0 0 0 0 0 0 0 0 0 0 0 0 0 0 0 0 0 0 0 0 0 0 0 0 0 0 0 0 0 0 0 0 0 0 0 0 0 0 0 200 1 0 0 97 161 0 0 1 0 0 0 0 0 0 0 0 0 0 0 2 0 0 0 0 0 16 0 2 0 0 0 152 0 0 0 255 255 255 255 7 0 13 0 0 0 0 0 data 19 0xd0007 0x0 0x88 0x142c 0x170007 0x4d 0x68 0x13df 0x220005 0x174 0xb26de4c0 0x126b 0x0 0x0 0x250003 0x13df 0x18 0x300002 0x0 oops 1 10 org/netbeans/editor/MarkVector
ciMethodData org/netbeans/editor/BasePosition getOffset ()I 2 5877 orig 264 88 66 108 118 0 0 0 0 56 58 131 251 0 0 0 0 120 1 0 0 0 0 0 0 0 0 0 0 0 0 0 0 0 0 0 0 0 0 0 0 0 0 0 0 0 0 0 0 0 0 0 0 0 0 0 0 0 0 0 0 0 0 0 0 0 0 0 0 0 0 0 0 0 0 0 0 0 0 0 0 77 68 79 32 101 120 116 114 97 32 100 97 116 97 32 108 111 99 107 0 0 0 0 0 0 0 0 0 0 0 0 0 0 0 0 0 0 0 0 0 0 0 0 0 0 0 0 0 0 0 0 0 0 0 0 0 0 0 0 0 0 0 0 0 0 0 0 0 0 0 0 0 0 0 0 0 0 0 0 0 0 0 0 0 0 0 0 0 0 0 0 0 0 0 0 0 0 0 0 0 0 0 0 0 0 0 0 0 0 0 0 0 0 0 0 0 0 0 0 0 0 0 0 0 0 0 0 0 0 0 0 0 0 0 0 0 0 2 0 0 169 167 0 0 1 0 0 0 0 0 0 0 0 0 0 0 2 0 0 0 0 0 3 0 2 0 0 0 48 0 0 0 255 255 255 255 5 0 4 0 0 0 0 0 data 6 0x40005 0x1b7 0xb26dd0e0 0x133e 0x0 0x0 oops 1 2 org/netbeans/editor/MultiMark
ciMethodData org/netbeans/lib/editor/util/GapList size ()I 2 10252 orig 264 88 66 108 118 0 0 0 0 160 33 132 251 0 0 0 0 32 1 0 0 0 0 0 0 0 0 0 0 0 0 0 0 0 0 0 0 0 0 0 0 0 0 0 0 0 0 0 0 0 0 0 0 0 0 0 0 0 0 0 0 0 0 0 0 0 0 0 0 0 0 0 0 0 0 0 0 0 0 0 0 77 68 79 32 101 120 116 114 97 32 100 97 116 97 32 108 111 99 107 0 0 0 0 0 0 0 0 0 0 0 0 0 0 0 0 0 0 0 0 0 0 0 0 0 0 0 0 0 0 0 0 0 0 0 0 0 0 0 0 0 0 0 0 0 0 0 0 0 0 0 0 0 0 0 0 0 0 0 0 0 0 0 0 0 0 0 0 0 0 0 0 0 0 0 0 0 0 0 0 0 0 0 0 0 0 0 0 0 0 0 0 0 0 0 0 0 0 0 0 0 0 0 0 0 0 0 0 0 0 0 0 0 0 0 0 0 0 2 0 0 97 48 1 0 1 0 0 0 0 0 0 0 0 0 0 0 2 0 0 0 0 0 3 0 1 0 0 0 0 0 0 0 255 255 255 255 0 0 0 0 0 0 0 0 data 0 oops 0
ciMethodData org/netbeans/lib/editor/util/swing/GapBranchElement getElementCount ()I 2 10062 orig 264 88 66 108 118 0 0 0 0 80 241 131 251 0 0 0 0 120 1 0 0 0 0 0 0 0 0 0 0 0 0 0 0 0 0 0 0 0 0 0 0 0 0 0 0 0 0 0 0 0 0 0 0 0 0 0 0 0 0 0 0 0 0 0 0 0 0 0 0 0 0 0 0 0 0 0 0 0 0 0 0 77 68 79 32 101 120 116 114 97 32 100 97 116 97 32 108 111 99 107 0 0 0 0 0 0 0 0 0 0 0 0 0 0 0 0 0 0 0 0 0 0 0 0 0 0 0 0 0 0 0 0 0 0 0 0 0 0 0 0 0 0 0 0 0 0 0 0 0 0 0 0 0 0 0 0 0 0 0 0 0 0 0 0 0 0 0 0 0 0 0 0 0 0 0 0 0 0 0 0 0 0 0 0 0 0 0 0 0 0 0 0 0 0 0 0 0 0 0 0 0 0 0 0 0 0 0 0 0 0 0 0 0 0 0 0 0 0 2 0 0 113 42 1 0 1 0 0 0 0 0 0 0 0 0 0 0 2 0 0 0 0 0 3 0 2 0 0 0 48 0 0 0 255 255 255 255 5 0 4 0 0 0 0 0 data 6 0x40005 0x0 0xaf2b89f0 0x254e 0x0 0x0 oops 1 2 org/netbeans/lib/editor/util/GapList
ciMethodData org/netbeans/editor/LineRootElement getElement (I)Ljavax/swing/text/Element; 2 5984 orig 264 88 66 108 118 0 0 0 0 48 225 131 251 0 0 0 0 64 4 0 0 80 2 0 0 0 0 0 0 0 0 0 0 0 0 0 0 0 0 0 0 0 0 0 0 0 0 0 0 0 0 0 0 0 0 0 0 0 0 0 0 0 0 0 0 0 0 0 0 0 0 0 0 0 0 0 0 0 0 0 0 77 68 79 32 101 120 116 114 97 32 100 97 116 97 32 108 111 99 107 0 0 0 0 0 0 0 0 0 0 0 0 0 0 0 0 0 0 0 0 0 0 0 0 0 0 0 0 0 0 0 0 0 0 0 0 0 0 0 0 0 0 0 0 0 0 0 0 0 0 0 0 0 0 0 0 0 0 0 0 0 0 0 0 0 0 0 0 0 0 0 0 0 0 0 0 0 0 0 0 0 0 0 0 0 0 0 0 0 0 0 0 0 0 0 0 0 0 0 0 0 0 0 0 0 0 0 0 0 0 0 0 0 0 0 0 0 0 2 0 0 1 171 0 0 1 0 0 0 0 0 0 0 0 0 0 0 2 0 0 0 0 0 13 0 2 0 0 0 240 2 0 0 255 255 255 255 7 0 1 0 0 0 0 0 data 94 0x10007 0x1560 0x100 0x0 0xc0002 0x0 0x110005 0x0 0x0 0x0 0x0 0x0 0x150005 0x0 0x0 0x0 0x0 0x0 0x1a0005 0x0 0x0 0x0 0x0 0x0 0x1d0005 0x0 0x0 0x0 0x0 0x0 0x200002 0x0 0x250005 0x0 0xb446f1d0 0x1560 0x0 0x0 0x2b0007 0x1560 0x130 0x0 0x360002 0x0 0x3b0005 0x0 0x0 0x0 0x0 0x0 0x3f0005 0x0 0x0 0x0 0x0 0x0 0x440005 0x0 0x0 0x0 0x0 0x0 0x480005 0x0 0x0 0x0 0x0 0x0 0x4b0005 0x0 0x0 0x0 0x0 0x0 0x4e0002 0x0 0x540002 0x1560 0x570004 0x0 0xb4475190 0x1560 0x0 0x0 0x5e0007 0x1560 0x50 0x0 0x620007 0x0 0x30 0x0 0x690002 0x0 oops 2 34 org/netbeans/editor/LineRootElement 80 org/netbeans/editor/LineElement
ciMethodData org/netbeans/lib/editor/util/swing/GapBranchElement getElement (I)Ljavax/swing/text/Element; 2 5984 orig 264 88 66 108 118 0 0 0 0 232 241 131 251 0 0 0 0 176 1 0 0 0 0 0 0 0 0 0 0 0 0 0 0 0 0 0 0 0 0 0 0 0 0 0 0 0 0 0 0 0 0 0 0 0 0 0 0 0 0 0 0 0 0 0 0 0 0 0 0 0 0 0 0 0 0 0 0 0 0 0 0 77 68 79 32 101 120 116 114 97 32 100 97 116 97 32 108 111 99 107 0 0 0 0 0 0 0 0 0 0 0 0 0 0 0 0 0 0 0 0 0 0 0 0 0 0 0 0 0 0 0 0 0 0 0 0 0 0 0 0 0 0 0 0 0 0 0 0 0 0 0 0 0 0 0 0 0 0 0 0 0 0 0 0 0 0 0 0 0 0 0 0 0 0 0 0 0 0 0 0 0 0 0 0 0 0 0 0 0 0 0 0 0 0 0 0 0 0 0 0 0 0 0 0 0 0 0 0 0 0 0 0 0 0 0 0 0 0 2 0 0 1 171 0 0 1 0 0 0 0 0 0 0 0 0 0 0 2 0 0 0 0 0 7 0 2 0 0 0 96 0 0 0 255 255 255 255 5 0 5 0 0 0 0 0 data 12 0x50005 0x0 0xaf2b89f0 0x1560 0x0 0x0 0x80004 0x0 0xb4475190 0x1560 0x0 0x0 oops 2 2 org/netbeans/lib/editor/util/GapList 8 org/netbeans/editor/LineElement
ciMethodData org/netbeans/lib/editor/util/GapList get (I)Ljava/lang/Object; 2 6428 orig 264 88 66 108 118 0 0 0 0 80 42 132 251 0 0 0 0 96 1 0 0 0 0 0 0 0 0 0 0 0 0 0 0 0 0 0 0 0 0 0 0 0 0 0 0 0 0 0 0 0 0 0 0 0 0 0 0 0 0 0 0 0 0 0 0 0 0 0 0 0 0 0 0 0 0 0 0 0 0 0 0 77 68 79 32 101 120 116 114 97 32 100 97 116 97 32 108 111 99 107 0 0 0 0 0 0 0 0 0 0 0 0 0 0 0 0 0 0 0 0 0 0 0 0 0 0 0 0 0 0 0 0 0 0 0 0 0 0 0 0 0 0 0 0 0 0 0 0 0 0 0 0 0 0 0 0 0 0 0 0 0 0 0 0 0 0 0 0 0 0 0 0 0 0 0 0 0 0 0 0 0 0 0 0 0 0 0 0 0 0 0 0 0 0 0 0 0 0 0 0 0 0 0 0 0 0 0 0 0 0 0 0 0 0 0 0 0 0 2 0 0 225 184 0 0 1 0 0 0 0 0 0 0 0 0 0 0 2 0 0 0 0 0 6 0 2 0 0 0 56 0 0 0 255 255 255 255 7 0 9 0 0 0 0 0 data 7 0x90007 0x4f 0x38 0x16cd 0xd0003 0x16cd 0x18 oops 0
ciMethodData org/netbeans/editor/LineElement getStartOffset ()I 2 5687 orig 264 88 66 108 118 0 0 0 0 96 7 132 251 0 0 0 0 120 1 0 0 0 0 0 0 0 0 0 0 0 0 0 0 0 0 0 0 0 0 0 0 0 0 0 0 0 0 0 0 0 0 0 0 0 0 0 0 0 0 0 0 0 0 0 0 0 0 0 0 0 0 0 0 0 0 0 0 0 0 0 0 77 68 79 32 101 120 116 114 97 32 100 97 116 97 32 108 111 99 107 0 0 0 0 0 0 0 0 0 0 0 0 0 0 0 0 0 0 0 0 0 0 0 0 0 0 0 0 0 0 0 0 0 0 0 0 0 0 0 0 0 0 0 0 0 0 0 0 0 0 0 0 0 0 0 0 0 0 0 0 0 0 0 0 0 0 0 0 0 0 0 0 0 0 0 0 0 0 0 0 0 0 0 0 0 0 0 0 0 0 0 0 0 0 0 0 0 0 0 0 0 0 0 0 0 0 0 0 0 0 0 0 0 0 0 0 0 0 2 0 0 185 161 0 0 1 0 0 0 0 0 0 0 0 0 0 0 2 0 0 0 0 0 3 0 2 0 0 0 48 0 0 0 255 255 255 255 5 0 4 0 0 0 0 0 data 6 0x40005 0x0 0xb26db360 0x1437 0x0 0x0 oops 1 2 org/netbeans/editor/BasePosition
ciMethodData org/netbeans/editor/LineRootElement getElementIndex (I)I 2 5632 orig 264 88 66 108 118 0 0 0 0 80 233 131 251 0 0 0 0 88 1 0 0 0 0 0 0 0 0 0 0 0 0 0 0 0 0 0 0 0 0 0 0 0 0 0 0 0 0 0 0 0 0 0 0 0 0 0 0 0 0 0 0 0 0 0 0 0 0 0 0 0 0 0 0 0 0 0 0 0 0 0 0 77 68 79 32 101 120 116 114 97 32 100 97 116 97 32 108 111 99 107 0 0 0 0 0 0 0 0 0 0 0 0 0 0 0 0 0 0 0 0 0 0 0 0 0 0 0 0 0 0 0 0 0 0 0 0 0 0 0 0 0 0 0 0 0 0 0 0 0 0 0 0 0 0 0 0 0 0 0 0 0 0 0 0 0 0 0 0 0 0 0 0 0 0 0 0 0 0 0 0 0 0 0 0 0 0 0 0 0 0 0 0 0 0 0 0 0 0 0 0 0 0 0 0 0 0 0 0 0 0 0 0 0 0 0 0 0 0 2 0 0 1 160 0 0 1 0 0 0 0 0 0 0 0 0 0 0 2 0 0 0 0 0 5 0 2 0 0 0 48 0 0 0 255 255 255 255 7 0 1 0 0 0 0 0 data 6 0x10007 0x6d7 0x20 0xd29 0x80002 0x6d7 oops 0
ciMethodData org/netbeans/lib/editor/util/swing/GapBranchElement getElementIndex (I)I 2 10083 orig 264 88 66 108 118 0 0 0 0 120 243 131 251 0 0 0 0 200 2 0 0 48 0 0 0 0 0 0 0 0 0 0 0 0 0 0 0 0 0 0 0 0 0 0 0 0 0 0 0 0 0 0 0 0 0 0 0 0 0 0 0 0 0 0 0 0 0 0 0 0 0 0 0 0 0 0 0 0 0 0 0 77 68 79 32 101 120 116 114 97 32 100 97 116 97 32 108 111 99 107 0 0 0 0 0 0 0 0 0 0 0 0 0 0 0 0 0 0 0 0 0 0 0 0 0 0 0 0 0 0 0 0 0 0 0 0 0 0 0 0 0 0 0 0 0 0 0 0 0 0 0 0 0 0 0 0 0 0 0 0 0 0 0 0 0 0 0 0 0 0 0 0 0 0 0 0 0 0 0 0 0 0 0 0 0 0 0 0 0 0 0 0 0 0 0 0 0 0 0 0 0 0 0 0 0 0 0 0 0 0 0 0 0 0 0 0 0 58 3 0 0 185 54 0 0 73 33 1 0 0 0 0 0 0 0 0 0 2 0 0 0 1 0 16 0 2 0 0 0 120 1 0 0 255 255 255 255 5 0 3 0 0 0 0 0 data 47 0x30005 0x0 0xb446f1d0 0x6d7 0x0 0x0 0xb0007 0x6d7 0x20 0x0 0x120007 0x8d 0x108 0x2a73 0x1f0005 0x0 0xb446f1d0 0x2a73 0x0 0x0 0x220005 0x0 0xb4475190 0x2a73 0x0 0x0 0x2c0007 0x1e72 0x38 0xc01 0x340003 0xc01 0x50 0x3a0007 0x64a 0x38 0x1828 0x420003 0x1828 0x18 0x480003 0x2429 0xffffffffffffff10 0x4c0007 0x8d 0x20 0x0 oops 3 2 org/netbeans/editor/LineRootElement 16 org/netbeans/editor/LineRootElement 22 org/netbeans/editor/LineElement
instanceKlass org/netbeans/editor/ext/ToolTipSupport$3
instanceKlass com/mathworks/mde/editor/debug/EditorToolstripRefreshManager$BusyIdleListener$1
instanceKlass com/mathworks/mde/editor/EditorPauseAction$3$1
instanceKlass com/mathworks/mlwidgets/dialog/PathChange$2
instanceKlass com/mathworks/mde/cmdwin/CmdWinMLIF$5$1
instanceKlass com/mathworks/mde/cmdwin/XCaret$4
instanceKlass ca/odell/glazedlists/impl/event/BlockSequence$Iterator
instanceKlass com/mathworks/mde/cmdwin/CmdWinMLIF$5
instanceKlass com/mathworks/mlwidgets/dialog/PathChange$1$1
instanceKlass com/mathworks/hwsmanagement/InstalledSupportPackage$Builder
instanceKlass com/mathworks/widgets/spreadsheet/data/ComplexArray
instanceKlass com/mathworks/widgets/spreadsheet/data/ValueSummary
instanceKlass com/mathworks/widgets/spreadsheet/IReadOnlyData
instanceKlass com/mathworks/mlwidgets/dialog/PathUpdateDialog$Option
instanceKlass com/mathworks/mlwidgets/dialog/PathUpdateDialog
instanceKlass org/apache/axis2/context/ConfigurationContext$4
instanceKlass org/apache/axis2/context/ConfigurationContext$2
instanceKlass org/apache/axis2/context/ConfigurationContext$1
instanceKlass org/apache/commons/httpclient/util/ExceptionUtil
instanceKlass com/mathworks/desktop/overlay/impl/DefaultOverlayManager$OverlayItem
instanceKlass com/mathworks/mlwidgets/dialog/PathChange$1
instanceKlass com/sun/xml/internal/bind/v2/runtime/property/SingleMapNodeProperty$ReceiverImpl
instanceKlass com/mathworks/mde/editor/EditorUiUtils
instanceKlass com/mathworks/mlwidgets/dialog/PathChange
instanceKlass com/mathworks/mde/editor/plugins/matlab/EditorSaveRunAndPublishUtils$1
instanceKlass com/sun/xml/internal/bind/v2/model/impl/EnumConstantImpl
instanceKlass com/sun/xml/internal/bind/v2/model/core/EnumConstant
instanceKlass javax/xml/bind/annotation/XmlEnumValue
instanceKlass com/sun/xml/internal/bind/v2/model/runtime/RuntimeEnumLeafInfo
instanceKlass com/sun/xml/internal/bind/v2/model/core/EnumLeafInfo
instanceKlass com/mathworks/mde/editor/MatlabEditor$15
instanceKlass com/mathworks/ddux/ddux$BenchData
instanceKlass com/mathworks/mlwidgets/configeditor/ui/ActionRequestListener
instanceKlass com/mathworks/mde/editor/plugins/matlab/EditorSaveRunAndPublishUtils
instanceKlass com/mathworks/ddux/ddux$HelpPageView
instanceKlass com/mathworks/mde/editor/plugins/matlab/RunMenu$14
instanceKlass com/mathworks/ddux/ddux$UIEvent
instanceKlass org/netbeans/editor/BaseCaret$4
instanceKlass com/mathworks/widgets/SyntaxTextPaneBase$InputMethodRequestsHandler
instanceKlass com/mathworks/util/Range
instanceKlass org/netbeans/editor/ext/ExtSyntaxSupport$FirstTokenTP
instanceKlass org/netbeans/editor/ext/ExtSyntaxSupport$1
instanceKlass com/mathworks/widgets/desk/DeferredRunnable
instanceKlass com/mathworks/mlwidgets/debug/RunOrContinueAction$1
instanceKlass com/mathworks/mde/find/FindFilesController
instanceKlass java/util/ArrayDeque$DescendingIterator
instanceKlass com/google/common/primitives/Ints
instanceKlass com/mathworks/util/event/EventUtils$1
instanceKlass com/mathworks/desktop/overlay/impl/DefaultOverlayManager$5
instanceKlass com/mathworks/desktop/overlay/impl/DefaultOverlayManager$4
instanceKlass com/mathworks/desktop/overlay/impl/DefaultOverlayManager$2
instanceKlass com/mathworks/desktop/overlay/impl/DefaultOverlayManager$1
instanceKlass com/mathworks/desktop/overlay/impl/DefaultOverlayManager
instanceKlass com/mathworks/desktop/overlay/OverlayManager
instanceKlass com/mathworks/desktop/overlay/OverlayManagers$DefaultFactory
instanceKlass com/mathworks/desktop/overlay/OverlayManagers$OverlayManagerFactory
instanceKlass com/mathworks/desktop/overlay/OverlayManagers
instanceKlass com/mathworks/widgets/desk/DTDropOutlinePainter
instanceKlass com/mathworks/widgets/desk/DTDragUtilities
instanceKlass java/awt/MultipleGradientPaintContext
instanceKlass java/awt/MultipleGradientPaint
instanceKlass com/mathworks/widgets/tooltip/ToolTipAndComponentAWTListener$5
instanceKlass org/openide/util/RequestProcessor$Processor$1
instanceKlass com/mathworks/addons_common/AdditionalAction
instanceKlass com/mathworks/hwsmanagement/InstalledSupportPackage
instanceKlass com/mathworks/appmanagement/UserAppToolSetFactory$ToolActionProvider
instanceKlass com/mathworks/toolboxmanagement/ToolboxAppGalleryServiceProvider
instanceKlass com/mathworks/hwsmanagement/GetInstalledSupportPackagesTask
instanceKlass com/mathworks/hwsmanagement/SupportPackageUtils
instanceKlass com/mathworks/toolboxmanagement/ToolboxContributedToolsLoader$2
instanceKlass com/mathworks/addons_common/notificationframework/AddonStateInitializer
instanceKlass org/apache/axis2/databinding/utils/ConverterUtil
instanceKlass com/ctc/wstx/util/TextAccumulator
instanceKlass com/mathworks/internal/activationws/client/MWAAssociateResponse$Factory
instanceKlass com/ctc/wstx/compat/QNameCreator$Helper
instanceKlass com/ctc/wstx/compat/QNameCreator
instanceKlass com/mathworks/internal/activationws/client/AssociateUserResponse$Factory
instanceKlass org/apache/axiom/om/impl/OMNavigator
instanceKlass org/apache/axiom/util/stax/AbstractXMLStreamReader
instanceKlass org/apache/axiom/ext/stax/CharacterDataReader
instanceKlass com/mathworks/internal/activationws/client/CanActivateResponse
instanceKlass com/mathworks/internal/activationws/client/CanActivate
instanceKlass com/mathworks/internal/activationws/client/ActivateSelfJITResponse
instanceKlass com/mathworks/internal/activationws/client/ActivateSelfJIT
instanceKlass com/mathworks/internal/activationws/client/GetEntitlementsResponse
instanceKlass com/mathworks/internal/activationws/client/GetEntitlements
instanceKlass com/mathworks/internal/activationws/client/GetDefaultProductListResponse
instanceKlass com/mathworks/internal/activationws/client/GetDefaultProductList
instanceKlass com/mathworks/internal/activationws/client/ActivateSelfResponse
instanceKlass com/mathworks/internal/activationws/client/ActivateSelf
instanceKlass com/mathworks/internal/activationws/client/AssociateUserResponse
instanceKlass org/apache/axiom/soap/impl/builder/SOAPBuilderHelper
instanceKlass com/ctc/wstx/io/DefaultInputResolver
instanceKlass org/apache/axiom/om/util/StAXUtils$1
instanceKlass org/apache/axiom/util/stax/dialect/StAXDialectUtils
instanceKlass org/apache/axiom/attachments/lifecycle/LifecycleManager
instanceKlass org/apache/axis2/builder/BuilderUtil
instanceKlass org/apache/commons/httpclient/util/ParameterParser
instanceKlass org/apache/axis2/transport/http/CommonsTransportHeaders
instanceKlass com/mathworks/mlwidgets/help/InstalledProductUtils$1
instanceKlass com/mathworks/page/plottool/propertyeditor/controls/AbstractPositionSelector$SelectableRegion
instanceKlass com/mathworks/page/plottool/propertyeditor/controls/LimitsControl$LimitsInputCompletionObserver
instanceKlass com/mathworks/page/plottool/propertyeditor/controls/ValueStringVector
instanceKlass com/mathworks/page/plottool/propertyeditor/controls/PropertyControl$UDDPropertyChangeListener
instanceKlass java/beans/Customizer
instanceKlass com/mathworks/page/plottool/propertyeditor/panels/IPropertyPanel
instanceKlass com/mathworks/page/plottool/propertyeditor/BeanManager
instanceKlass com/mathworks/page/plottool/PropertyEditor$UpdateObjectsMatlabRunnable
instanceKlass com/mathworks/page/plottool/propertyeditor/PropertyEditorResources
instanceKlass com/mathworks/page/plottool/figurepalette/FigurePaletteResources
instanceKlass com/mathworks/page/plottool/figurepalette/VarsPalettePage$FigPalatteWorkspaceIcon
instanceKlass com/mathworks/page/plottool/PlotBrowser$CachedFigureState
instanceKlass javax/swing/event/TreeModelListener
instanceKlass com/mathworks/page/plottool/PlotBrowser$ParentProxy
instanceKlass com/mathworks/page/plottool/PlotBrowser$BrowserItem
instanceKlass com/mathworks/page/plottool/MatlabSelectionListener
instanceKlass com/mathworks/page/plottool/SelectionManager$DropListener
instanceKlass com/mathworks/page/plottool/SelectionManager
instanceKlass com/mathworks/widgets/color/ColorPicker$ColorSwatch
instanceKlass com/mathworks/widgets/color/ColorPickerUtils
instanceKlass com/jgoodies/forms/util/DefaultUnitConverter$DialogBaseUnits
instanceKlass com/jgoodies/forms/util/AbstractUnitConverter
instanceKlass com/mathworks/hg/types/HGLineStyles
instanceKlass com/mathworks/hg/types/HGPoint3
instanceKlass com/mathworks/hg/types/HGView
instanceKlass org/apache/commons/lang/math/Range
instanceKlass com/mathworks/hg/types/Resources
instanceKlass com/mathworks/hg/types/HGMeshColor
instanceKlass com/mathworks/hg/types/HGRectangle
instanceKlass com/mathworks/webservices/client/core/http/HttpResponse
instanceKlass org/apache/commons/httpclient/HttpMethodBase$1
instanceKlass org/apache/commons/httpclient/StatusLine
instanceKlass com/mathworks/hg/types/HGPoint
instanceKlass java/beans/PropertyEditorManager
instanceKlass java/beans/PropertyEditorSupport
instanceKlass java/beans/PropertyEditor
instanceKlass com/mathworks/beans/editors/IEditorContextSupport
instanceKlass com/mathworks/beans/editors/EnhancedPropertyEditor
instanceKlass com/mathworks/hg/types/HGColor
instanceKlass com/mathworks/hg/types/HGHandle
instanceKlass com/mathworks/hg/Text
instanceKlass com/mathworks/hg/Axes
instanceKlass com/mathworks/hg/GObject
instanceKlass com/mathworks/hg/Figure
instanceKlass com/mathworks/hg/Root
instanceKlass com/mathworks/mlwidgets/util/productinfo/ProductInfoUtils$Parser
instanceKlass com/mathworks/mlwidgets/util/productinfo/ProductInfoUtils$1
instanceKlass com/mathworks/jmi/bean/generic_info
instanceKlass com/mathworks/jmi/bean/attribute_info
instanceKlass com/mathworks/jmi/bean/cp_info
instanceKlass com/mathworks/jmi/bean/class_file
instanceKlass com/mathworks/jmi/bean/BeanFileData
instanceKlass com/mathworks/jmi/bean/BeanManager
instanceKlass com/mathworks/jmi/bean/CallbackInfo
instanceKlass com/mathworks/jmi/bean/CallbackData
instanceKlass com/mathworks/jmi/bean/EventQueue
instanceKlass com/mathworks/jmi/bean/MatlabCallbackInterface
instanceKlass com/mathworks/jmi/bean/EventCallback
instanceKlass com/mathworks/jmi/bean/BeanWrapper
instanceKlass com/mathworks/jmi/bean/MethodInfo
instanceKlass com/mathworks/jmi/bean/EventInfo
instanceKlass com/mathworks/jmi/bean/ClassWrapper
instanceKlass com/mathworks/jmi/bean/PropInfo
instanceKlass com/mathworks/beans/ExtraPropertyAttributes
instanceKlass com/mathworks/jmi/bean/EventServer
instanceKlass com/mathworks/jmi/bean/BeanUDDListenerAdapter
instanceKlass com/mathworks/jmi/bean/ClassFileEditor
instanceKlass com/mathworks/jmi/bean/ListenerClassServer
instanceKlass com/mathworks/hg/peer/ui/table/event/UITableCellEditValidationListener
instanceKlass com/mathworks/hg/peer/ui/table/event/UITableCellEditListener
instanceKlass com/mathworks/hg/peer/ui/event/UIKeyListener
instanceKlass com/mathworks/hg/peer/event/UicontrolUserListener
instanceKlass com/mathworks/hg/peer/event/UicontrolListener
instanceKlass com/mathworks/hg/peer/event/UicontrolKeyListener
instanceKlass com/mathworks/hg/peer/event/NodeSelectedListener
instanceKlass com/mathworks/hg/peer/event/NodeSelectedEvent
instanceKlass com/mathworks/hg/peer/event/NodeExpandedListener
instanceKlass com/mathworks/hg/peer/event/NodeExpandedEvent
instanceKlass com/mathworks/hg/peer/event/NodeDroppedListener
instanceKlass com/mathworks/hg/peer/event/NodeDroppedEvent
instanceKlass com/mathworks/hg/peer/event/DataChangedListener
instanceKlass com/mathworks/hg/peer/event/DataChangedEvent
instanceKlass com/mathworks/hg/peer/WindowsTextMetric
instanceKlass com/mathworks/hg/peer/WindowRectHandler
instanceKlass com/mathworks/hg/peer/UnitPos
instanceKlass com/mathworks/hg/peer/UitablePeer$TableChangeListener
instanceKlass com/mathworks/widgets/spreadsheet/ICellQueryInformant
instanceKlass com/mathworks/hg/peer/UitablePeer$SynchronousInvokeRunnable
instanceKlass com/mathworks/widgets/spreadsheet/SelectionHider
instanceKlass com/mathworks/widgets/spreadsheet/ISpreadsheetNavPrefControl
instanceKlass com/mathworks/widgets/spreadsheet/ISpreadsheetSelectionController
instanceKlass com/mathworks/widgets/spreadsheet/ISelectionOpProvider
instanceKlass com/mathworks/widgets/spreadsheet/format/FormattableDisplay
instanceKlass com/mathworks/widgets/spreadsheet/IRegionOpProvider
instanceKlass com/mathworks/widgets/spreadsheet/IRowHeaderPopupMenuSource
instanceKlass com/mathworks/hg/peer/UicontrolBuilder
instanceKlass javax/swing/tree/TreeCellRenderer
instanceKlass com/mathworks/hg/peer/UITreePeer$SelectionListener
instanceKlass javax/swing/event/TreeSelectionListener
instanceKlass com/mathworks/hg/peer/UITreePeer$ExpansionListener
instanceKlass javax/swing/tree/TreeModel
instanceKlass javax/swing/tree/DefaultMutableTreeNode
instanceKlass com/mathworks/hg/peer/AbstractComponentPeer
instanceKlass com/mathworks/hg/peer/UIPanel
instanceKlass com/mathworks/hg/peer/ToolbarPeer$1
instanceKlass com/mathworks/hg/peer/TextObjectEdit$CallbackData
instanceKlass com/mathworks/hg/peer/TextObjectEdit$TextEditUndoableListener
instanceKlass com/mathworks/hg/peer/PopupMenuHideHelper
instanceKlass com/mathworks/hg/peer/MenuPeer$MenuItemActionListener
instanceKlass com/mathworks/hg/peer/MenuPeer$MainMenuActionListener
instanceKlass java/awt/event/ContainerAdapter
instanceKlass org/apache/axis2/databinding/utils/writer/MTOMAwareXMLSerializer
instanceKlass com/ctc/wstx/util/BijectiveNsMap
instanceKlass org/apache/axiom/om/impl/util/OMSerializerUtil
instanceKlass org/apache/axiom/util/stax/wrapper/XMLStreamWriterWrapper
instanceKlass com/mathworks/hg/peer/JavaSceneServerPeer$ComponentlessDrawableManager
instanceKlass com/mathworks/hg/peer/GraphicsImageListener
instanceKlass com/mathworks/hg/peer/JavaSceneServerPeer$8
instanceKlass com/ctc/wstx/sw/SimpleOutputElement
instanceKlass com/ctc/wstx/util/StringUtil
instanceKlass com/ctc/wstx/io/CharsetNames
instanceKlass org/apache/axiom/om/util/StAXUtils$5
instanceKlass javax/xml/stream/XMLEventWriter
instanceKlass javax/xml/stream/util/XMLEventConsumer
instanceKlass jogamp/opengl/windows/wgl/WindowsWGLDrawableFactory$SharedResource
instanceKlass jogamp/opengl/windows/wgl/WGLExtProcAddressTable$1
instanceKlass com/ctc/wstx/sw/BaseStreamWriter
instanceKlass org/codehaus/stax2/XMLStreamWriter2
instanceKlass com/ctc/wstx/sw/XmlWriter
instanceKlass org/codehaus/stax2/io/Stax2Result
instanceKlass com/ctc/wstx/cfg/OutputConfigFlags
instanceKlass org/apache/axiom/om/util/StAXUtils$8
instanceKlass org/apache/axiom/om/util/StAXWriterConfiguration$1
instanceKlass org/apache/axiom/om/util/StAXWriterConfiguration
instanceKlass org/apache/axiom/om/impl/OptimizationPolicyImpl
instanceKlass org/apache/axiom/util/stax/xop/ContentIDGenerator
instanceKlass org/apache/axiom/util/stax/xop/OptimizationPolicy
instanceKlass com/jogamp/opengl/GLUniformData
instanceKlass org/apache/axiom/om/impl/MTOMXMLStreamWriter
instanceKlass com/jogamp/opengl/GLArrayData
instanceKlass com/jogamp/common/nio/AbstractBuffer
instanceKlass com/jogamp/common/nio/NativeBuffer
instanceKlass com/mathworks/addons_common/InstalledAddon$Builder$2
instanceKlass com/mathworks/addons_common/InstalledAddon$Builder$1
instanceKlass com/mathworks/addons_common/InstalledAddon$Builder
instanceKlass com/mathworks/addons_product/ProductDocumentationProvider
instanceKlass com/mathworks/addons_common/util/AddonManagerUtils
instanceKlass jogamp/opengl/windows/wgl/WGLExtImpl
instanceKlass com/sun/imageio/plugins/common/ReaderUtil
instanceKlass jogamp/opengl/gl4/GL4bcProcAddressTable$1
instanceKlass jogamp/opengl/ExtensionAvailabilityCache
instanceKlass sun/java2d/cmm/CMSManager
instanceKlass jogamp/opengl/gl4/GL4bcImpl$14
instanceKlass jogamp/opengl/gl4/GL4bcImpl$13
instanceKlass jogamp/opengl/gl4/GL4bcImpl$12
instanceKlass jogamp/opengl/gl4/GL4bcImpl$11
instanceKlass com/sun/imageio/plugins/png/PNGImageDataEnumeration
instanceKlass jogamp/opengl/gl4/GL4bcImpl$10
instanceKlass jogamp/opengl/gl4/GL4bcImpl$9
instanceKlass java/net/SocketImplFactory
instanceKlass java/nio/channels/NetworkChannel
instanceKlass jogamp/opengl/gl4/GL4bcImpl$8
instanceKlass jogamp/opengl/gl4/GL4bcImpl$7
instanceKlass jogamp/opengl/gl4/GL4bcImpl$6
instanceKlass jogamp/opengl/gl4/GL4bcImpl$5
instanceKlass jogamp/opengl/gl4/GL4bcImpl$4
instanceKlass jogamp/opengl/gl4/GL4bcImpl$3
instanceKlass jogamp/opengl/gl4/GL4bcImpl$2
instanceKlass javax/imageio/IIOParam
instanceKlass jogamp/opengl/gl4/GL4bcImpl$1
instanceKlass javax/imageio/ImageIO$CanDecodeInputFilter
instanceKlass org/jaxen/expr/NodeComparator
instanceKlass org/dom4j/tree/SingleIterator
instanceKlass org/jaxen/JaxenConstants
instanceKlass org/jaxen/expr/IdentitySet$IdentityWrapper
instanceKlass org/jaxen/util/SingleObjectIterator
instanceKlass org/jaxen/util/DescendantAxisIterator
instanceKlass org/jaxen/expr/IdentitySet
instanceKlass org/jaxen/Context
instanceKlass org/jaxen/SimpleVariableContext
instanceKlass org/jaxen/function/ext/EndsWithFunction
instanceKlass org/jaxen/function/ext/LocaleFunctionSupport
instanceKlass org/jaxen/function/ext/EvaluateFunction
instanceKlass org/jaxen/function/xslt/DocumentFunction
instanceKlass org/jaxen/function/TranslateFunction
instanceKlass org/jaxen/function/TrueFunction
instanceKlass org/jaxen/function/SumFunction
instanceKlass org/jaxen/function/SubstringFunction
instanceKlass org/jaxen/function/SubstringBeforeFunction
instanceKlass org/jaxen/function/SubstringAfterFunction
instanceKlass org/jaxen/function/StringLengthFunction
instanceKlass org/jaxen/function/StringFunction
instanceKlass org/jaxen/function/StartsWithFunction
instanceKlass org/jaxen/function/RoundFunction
instanceKlass org/jaxen/function/PositionFunction
instanceKlass org/jaxen/function/NumberFunction
instanceKlass org/jaxen/function/NotFunction
instanceKlass org/jaxen/function/NormalizeSpaceFunction
instanceKlass org/jaxen/function/NamespaceUriFunction
instanceKlass org/jaxen/function/NameFunction
instanceKlass org/jaxen/function/LocalNameFunction
instanceKlass org/jaxen/function/LastFunction
instanceKlass org/jaxen/function/LangFunction
instanceKlass org/jaxen/function/IdFunction
instanceKlass org/jaxen/function/FloorFunction
instanceKlass org/jaxen/function/FalseFunction
instanceKlass org/jaxen/function/CountFunction
instanceKlass org/jaxen/function/ContainsFunction
instanceKlass org/jaxen/function/ConcatFunction
instanceKlass org/jaxen/function/CeilingFunction
instanceKlass org/jaxen/QualifiedName
instanceKlass org/jaxen/function/BooleanFunction
instanceKlass org/jaxen/Function
instanceKlass org/jaxen/SimpleFunctionContext
instanceKlass org/jaxen/FunctionContext
instanceKlass org/apache/commons/httpclient/HttpParser
instanceKlass org/jaxen/SimpleNamespaceContext
instanceKlass org/jaxen/ContextSupport
instanceKlass org/dom4j/xpath/DefaultNamespaceContext
instanceKlass org/jaxen/expr/DefaultXPathExpr
instanceKlass org/jaxen/expr/NameStep
instanceKlass org/jaxen/saxpath/base/Verifier
instanceKlass org/jaxen/expr/PredicateSet
instanceKlass org/jaxen/expr/DefaultStep
instanceKlass org/jaxen/expr/AllNodeStep
instanceKlass org/jaxen/expr/DefaultExpr
instanceKlass org/jaxen/saxpath/base/Token
instanceKlass org/jaxen/saxpath/base/XPathLexer
instanceKlass org/jaxen/expr/FilterExpr
instanceKlass org/jaxen/expr/Predicate
instanceKlass org/jaxen/expr/UnionExpr
instanceKlass org/jaxen/expr/PathExpr
instanceKlass org/jaxen/expr/NumberExpr
instanceKlass org/jaxen/expr/iter/IterableAxis
instanceKlass org/jaxen/expr/FunctionCallExpr
instanceKlass org/jaxen/expr/LocationPath
instanceKlass org/jaxen/expr/LiteralExpr
instanceKlass org/jaxen/expr/VariableReferenceExpr
instanceKlass org/jaxen/expr/BinaryExpr
instanceKlass org/jaxen/expr/Expr
instanceKlass org/jaxen/expr/XPathExpr
instanceKlass org/jaxen/expr/Step
instanceKlass org/jaxen/expr/DefaultXPathFactory
instanceKlass org/jaxen/expr/XPathFactory
instanceKlass org/jaxen/expr/Predicated
instanceKlass org/jaxen/JaxenHandler
instanceKlass org/jaxen/saxpath/helpers/DefaultXPathHandler
instanceKlass org/jaxen/saxpath/base/XPathReader
instanceKlass org/jaxen/saxpath/XPathReader
instanceKlass org/jaxen/saxpath/SAXPathEventSource
instanceKlass org/jaxen/saxpath/helpers/XPathReaderFactory
instanceKlass org/jaxen/dom4j/DocumentNavigator$Singleton
instanceKlass org/jaxen/DefaultNavigator
instanceKlass org/jaxen/NamedAccessNavigator
instanceKlass org/jaxen/Navigator
instanceKlass org/jaxen/saxpath/XPathHandler
instanceKlass org/jaxen/VariableContext
instanceKlass org/jaxen/BaseXPath
instanceKlass org/jaxen/XPath
instanceKlass org/jaxen/NamespaceContext
instanceKlass org/dom4j/xpath/DefaultXPath
instanceKlass org/dom4j/QName
instanceKlass org/dom4j/tree/ConcurrentReaderHashMap$Entry
instanceKlass org/dom4j/tree/ConcurrentReaderHashMap$BarrierLock
instanceKlass org/dom4j/tree/NamespaceCache
instanceKlass org/dom4j/tree/AbstractNode
instanceKlass sun/net/www/http/KeepAliveEntry
instanceKlass sun/net/www/http/KeepAliveCache$1
instanceKlass org/dom4j/io/ElementStack
instanceKlass org/dom4j/tree/NamespaceStack
instanceKlass org/dom4j/tree/QNameCache
instanceKlass org/dom4j/util/SimpleSingleton
instanceKlass org/dom4j/Document
instanceKlass org/dom4j/Entity
instanceKlass org/dom4j/DocumentType
instanceKlass org/dom4j/CDATA
instanceKlass org/dom4j/rule/Pattern
instanceKlass org/dom4j/Text
instanceKlass org/dom4j/util/SingletonStrategy
instanceKlass org/dom4j/Comment
instanceKlass org/dom4j/CharacterData
instanceKlass org/dom4j/ProcessingInstruction
instanceKlass org/dom4j/Attribute
instanceKlass org/dom4j/XPath
instanceKlass org/dom4j/NodeFilter
instanceKlass org/dom4j/DocumentFactory
instanceKlass org/dom4j/ElementPath
instanceKlass org/apache/xerces/impl/ExternalSubsetResolver
instanceKlass org/apache/xerces/util/EntityResolverWrapper
instanceKlass org/dom4j/io/SAXReader$SAXEntityResolver
instanceKlass org/dom4j/io/JAXPHelper
instanceKlass org/dom4j/io/SAXHelper
instanceKlass sun/net/www/http/KeepAliveStreamCleaner$2
instanceKlass sun/net/www/http/KeepAliveStreamCleaner$1
instanceKlass sun/net/www/http/Hurryable
instanceKlass sun/net/www/HeaderParser
instanceKlass jogamp/opengl/GLContextImpl$1
instanceKlass com/jogamp/opengl/GLRendererQuirks
instanceKlass jogamp/opengl/GLContextShareSet
instanceKlass jogamp/opengl/ListenerSyncedImplStub
instanceKlass jogamp/opengl/GLDebugMessageHandler
instanceKlass com/jogamp/common/util/IntObjectHashMap$Entry
instanceKlass com/jogamp/common/util/IntObjectHashMap$EntryCM
instanceKlass com/jogamp/common/util/IntObjectHashMap$1
instanceKlass com/jogamp/common/util/IntObjectHashMap
instanceKlass com/jogamp/opengl/GLBufferStorage
instanceKlass jogamp/opengl/GLBufferObjectTracker
instanceKlass jogamp/opengl/GLBufferStateTracker
instanceKlass jogamp/opengl/GLContextImpl$2
instanceKlass com/jogamp/common/util/IntIntHashMap$Entry
instanceKlass com/jogamp/common/util/IntIntHashMap
instanceKlass jogamp/opengl/GLStateTracker
instanceKlass jogamp/opengl/windows/wgl/WGLExt
instanceKlass com/jogamp/opengl/GLDebugListener
instanceKlass jogamp/nativewindow/windows/PIXELFORMATDESCRIPTOR
instanceKlass jogamp/opengl/windows/wgl/WGLUtil
instanceKlass jogamp/nativewindow/windows/RegisteredClass
instanceKlass jogamp/nativewindow/SurfaceUpdatedHelper
instanceKlass com/jogamp/nativewindow/UpstreamSurfaceHookMutableSize
instanceKlass com/jogamp/nativewindow/UpstreamSurfaceHook$MutableSize
instanceKlass jogamp/nativewindow/ProxySurfaceImpl
instanceKlass com/jogamp/nativewindow/DefaultGraphicsConfiguration
instanceKlass jogamp/opengl/GLGraphicsConfigurationUtil
instanceKlass com/jogamp/nativewindow/DefaultGraphicsScreen
instanceKlass jogamp/opengl/windows/wgl/WindowsWGLDrawableFactory$SharedResourceImplementation
instanceKlass jogamp/opengl/SharedResourceRunner
instanceKlass com/jogamp/nativewindow/VisualIDHolder$VIDComparator
instanceKlass com/jogamp/nativewindow/Capabilities
instanceKlass com/jogamp/nativewindow/CapabilitiesChooser
instanceKlass com/jogamp/gluegen/runtime/opengl/GLNameResolver
instanceKlass com/jogamp/gluegen/runtime/opengl/GLProcAddressResolver
instanceKlass com/jogamp/gluegen/runtime/ProcAddressTable$1
instanceKlass jogamp/opengl/windows/wgl/WGL
instanceKlass jogamp/common/os/DynamicLinkerImpl$LibRef
instanceKlass com/jogamp/common/util/HashUtil
instanceKlass com/jogamp/common/util/LongObjectHashMap$Entry
instanceKlass com/jogamp/common/util/LongObjectHashMap$EntryCM
instanceKlass com/jogamp/common/util/LongObjectHashMap$1
instanceKlass com/jogamp/common/util/LongObjectHashMap
instanceKlass jogamp/common/os/DynamicLinkerImpl
instanceKlass com/jogamp/common/os/DynamicLibraryBundle$1
instanceKlass com/jogamp/common/util/RunnableExecutor$CurrentThreadExecutor
instanceKlass com/jogamp/common/util/RunnableExecutor
instanceKlass jogamp/opengl/GLDynamicLibraryBundleInfo
instanceKlass com/jogamp/common/os/DynamicLibraryBundleInfo
instanceKlass jogamp/opengl/windows/wgl/WindowsWGLDrawableFactory$1
instanceKlass jogamp/opengl/windows/wgl/WindowsWGLDrawableFactory$NopCPUAffinity
instanceKlass com/jogamp/nativewindow/ProxySurface
instanceKlass com/jogamp/nativewindow/MutableSurface
instanceKlass jogamp/opengl/GLDrawableImpl
instanceKlass jogamp/opengl/SharedResourceRunner$Resource
instanceKlass jogamp/opengl/SharedResourceRunner$Implementation
instanceKlass jogamp/opengl/windows/wgl/WindowsWGLDrawableFactory$CPUAffinity
instanceKlass com/jogamp/common/os/DynamicLibraryBundle
instanceKlass com/jogamp/opengl/GLOffscreenAutoDrawable
instanceKlass com/jogamp/opengl/GLFBODrawable
instanceKlass com/jogamp/nativewindow/UpstreamSurfaceHook
instanceKlass com/jogamp/opengl/GLCapabilitiesImmutable
instanceKlass com/jogamp/opengl/GLDrawableFactory$1
instanceKlass com/jogamp/opengl/GLDrawableFactory
instanceKlass jogamp/opengl/es3/GLES3Impl
instanceKlass com/jogamp/opengl/GLES3
instanceKlass com/jogamp/opengl/GLES2
instanceKlass com/mathworks/mlwidgets/actionbrowser/TearOffAble
instanceKlass com/mathworks/mlwidgets/actionbrowser/HelpOnSelectionProvider
instanceKlass com/mathworks/mlwidgets/graphics/PlotInfo
instanceKlass com/mathworks/mde/desk/MLToolstripFactory$1
instanceKlass com/mathworks/mde/desk/ContributedTools$ToolBoxToolSet$1
instanceKlass com/mathworks/mde/desk/MLDesktop$15
instanceKlass jogamp/opengl/es1/GLES1Impl
instanceKlass com/mathworks/mde/desk/MLDesktop$14
instanceKlass com/mathworks/mde/desk/MLDesktop$13
instanceKlass com/jogamp/opengl/GLES1
instanceKlass com/mathworks/mde/desk/MLDesktop$12
instanceKlass com/mathworks/toolboxmanagement/ToolboxContributedToolsLoader$1
instanceKlass com/mathworks/mde/desk/ContributedToolsLoader$3$1
instanceKlass com/mathworks/mde/apps/UserAppGuide$1
instanceKlass com/mathworks/appmanagement/AppGalleryPathConfiguration
instanceKlass com/mathworks/mde/apps/UserAppGuide
instanceKlass com/jogamp/gluegen/runtime/ProcAddressTable
instanceKlass jogamp/opengl/GLBufferObjectTracker$MapBufferRangeDispatch
instanceKlass jogamp/opengl/GLBufferObjectTracker$MapBufferAllDispatch
instanceKlass jogamp/opengl/GLBufferObjectTracker$MapBufferDispatch
instanceKlass jogamp/opengl/GLBufferObjectTracker$UnmapBufferDispatch
instanceKlass jogamp/opengl/GLBufferObjectTracker$CreateStorageDispatch
instanceKlass jogamp/opengl/gl4/GL4bcImpl
instanceKlass com/jogamp/opengl/GL4bc
instanceKlass com/mathworks/widgets/desk/RecentFiles$Tool
instanceKlass com/mathworks/toolbox/slproject/project/GUI/canvas/toolstrip/ProjectIconSupplier
instanceKlass com/mathworks/toolbox/shared/computils/exceptions/ViewContext
instanceKlass com/mathworks/toolbox/slproject/project/GUI/canvas/toolstrip/ProjectOpener
instanceKlass com/mathworks/toolbox/slproject/project/templates/StartPage
instanceKlass com/mathworks/toolbox/slproject/project/GUI/canvas/toolstrip/SimulinkToolSet
instanceKlass com/jogamp/opengl/GL4
instanceKlass com/jogamp/opengl/GL3bc
instanceKlass com/jogamp/opengl/GL3
instanceKlass com/jogamp/opengl/GL2
instanceKlass com/jogamp/opengl/GL2GL3
instanceKlass com/jogamp/opengl/GL4ES3
instanceKlass com/jogamp/opengl/GL3ES3
instanceKlass com/jogamp/opengl/GL2ES3
instanceKlass com/jogamp/opengl/GL2ES2
instanceKlass com/jogamp/opengl/GL2ES1
instanceKlass com/jogamp/opengl/fixedfunc/GLLightingFunc
instanceKlass com/jogamp/opengl/fixedfunc/GLPointerFunc
instanceKlass com/jogamp/opengl/fixedfunc/GLMatrixFunc
instanceKlass com/jogamp/opengl/GL
instanceKlass com/jogamp/opengl/GLBase
instanceKlass com/jogamp/nativewindow/ScalableSurface
instanceKlass com/jogamp/opengl/GLSharedContextSetter
instanceKlass com/jogamp/nativewindow/awt/AWTPrintLifecycle
instanceKlass com/jogamp/nativewindow/OffscreenLayerOption
instanceKlass com/jogamp/nativewindow/WindowClosingProtocol
instanceKlass com/jogamp/opengl/awt/AWTGLAutoDrawable
instanceKlass com/jogamp/opengl/awt/ComponentEvents
instanceKlass com/jogamp/opengl/GLAutoDrawable
instanceKlass com/jogamp/opengl/GLDrawable
instanceKlass com/jogamp/nativewindow/GraphicsConfigurationFactory$DeviceCapsType
instanceKlass com/jogamp/nativewindow/GraphicsConfigurationFactory
instanceKlass jogamp/nativewindow/NullToolkitLock
instanceKlass jogamp/nativewindow/windows/GDI
instanceKlass jogamp/nativewindow/windows/RegisteredClassFactory
instanceKlass com/jogamp/nativewindow/util/Point
instanceKlass jogamp/nativewindow/windows/GDIUtil
instanceKlass jogamp/nativewindow/ToolkitProperties
instanceKlass jogamp/nativewindow/jawt/JAWTUtil$3
instanceKlass jogamp/nativewindow/jawt/JAWTUtil$2
instanceKlass java/awt/peer/CheckboxMenuItemPeer
instanceKlass java/awt/peer/FileDialogPeer
instanceKlass java/awt/peer/PopupMenuPeer
instanceKlass java/awt/peer/MenuPeer
instanceKlass java/awt/peer/MenuItemPeer
instanceKlass java/awt/peer/MenuBarPeer
instanceKlass java/awt/peer/MenuComponentPeer
instanceKlass java/awt/peer/ChoicePeer
instanceKlass java/awt/peer/TextAreaPeer
instanceKlass java/awt/peer/ScrollPanePeer
instanceKlass java/awt/peer/ScrollbarPeer
instanceKlass java/awt/peer/CheckboxPeer
instanceKlass java/awt/peer/ListPeer
instanceKlass java/awt/peer/LabelPeer
instanceKlass java/awt/peer/TextFieldPeer
instanceKlass java/awt/peer/TextComponentPeer
instanceKlass java/awt/peer/ButtonPeer
instanceKlass java/awt/peer/RobotPeer
instanceKlass java/awt/Robot
instanceKlass java/awt/peer/SystemTrayPeer
instanceKlass java/awt/SystemTray
instanceKlass java/awt/peer/TrayIconPeer
instanceKlass jogamp/nativewindow/jawt/JAWTUtil$PrivilegedDataBlob1
instanceKlass jogamp/nativewindow/jawt/JAWTUtil$1
instanceKlass jogamp/opengl/awt/Java2D$1
instanceKlass sun/java2d/opengl/OGLUtilities
instanceKlass jogamp/opengl/awt/Java2D$2
instanceKlass jogamp/opengl/awt/Java2D
instanceKlass jogamp/nativewindow/jawt/JAWTFactory
instanceKlass jogamp/nativewindow/jawt/JAWT$1
instanceKlass jogamp/nativewindow/jawt/JAWT
instanceKlass jogamp/nativewindow/NWJNILibLoader$1
instanceKlass jogamp/nativewindow/jawt/JAWTJNILibLoader$1
instanceKlass jogamp/nativewindow/jawt/JAWTUtil
instanceKlass com/jogamp/nativewindow/NativeWindowFactory$3
instanceKlass com/jogamp/nativewindow/DefaultGraphicsDevice
instanceKlass com/jogamp/nativewindow/NativeWindowFactory$4
instanceKlass com/jogamp/nativewindow/NativeWindowFactory$2$1
instanceKlass jogamp/nativewindow/Debug$1
instanceKlass com/jogamp/nativewindow/NativeWindowFactory$2
instanceKlass com/jogamp/nativewindow/AbstractGraphicsDevice
instanceKlass com/jogamp/nativewindow/util/PointImmutable
instanceKlass com/jogamp/nativewindow/AbstractGraphicsScreen
instanceKlass com/jogamp/nativewindow/ToolkitLock
instanceKlass com/jogamp/nativewindow/NativeWindow
instanceKlass com/jogamp/nativewindow/NativeSurfaceHolder
instanceKlass com/jogamp/nativewindow/NativeSurface
instanceKlass com/jogamp/nativewindow/SurfaceUpdatedListener
instanceKlass com/jogamp/nativewindow/AbstractGraphicsConfiguration
instanceKlass com/jogamp/nativewindow/CapabilitiesImmutable
instanceKlass com/jogamp/common/type/WriteCloneable
instanceKlass com/jogamp/nativewindow/VisualIDHolder
instanceKlass com/jogamp/nativewindow/NativeWindowFactory
instanceKlass com/jogamp/opengl/GLProfile$1
instanceKlass com/jogamp/gluegen/runtime/FunctionAddressResolver
instanceKlass com/jogamp/opengl/GLContext
instanceKlass jogamp/common/util/locks/RecursiveLockImpl01Unfairish$Sync
instanceKlass jogamp/common/util/locks/RecursiveLockImpl01Unfairish
instanceKlass com/jogamp/common/util/locks/RecursiveThreadGroupLock
instanceKlass com/jogamp/common/util/locks/RecursiveLock
instanceKlass com/jogamp/common/util/locks/ThreadLock
instanceKlass com/jogamp/common/util/locks/Lock
instanceKlass com/jogamp/common/util/locks/LockFactory
instanceKlass jogamp/opengl/Debug$1
instanceKlass jogamp/common/os/MachineDataInfoRuntime
instanceKlass jogamp/common/jvm/JVMUtil
instanceKlass com/jogamp/common/jvm/JNILibLoaderBase$1
instanceKlass com/jogamp/common/jvm/JNILibLoaderBase$DefaultAction
instanceKlass com/jogamp/common/jvm/JNILibLoaderBase$LoaderAction
instanceKlass com/jogamp/common/jvm/JNILibLoaderBase
instanceKlass com/jogamp/common/net/Uri$Encoded
instanceKlass com/jogamp/common/net/Uri
instanceKlass com/jogamp/common/util/JarUtil
instanceKlass com/jogamp/common/os/Platform$1
instanceKlass jogamp/common/os/PlatformPropsImpl$3
instanceKlass com/jogamp/common/nio/Buffers
instanceKlass com/jogamp/common/nio/StructAccessor
instanceKlass com/jogamp/common/os/MachineDataInfo
instanceKlass jogamp/common/os/elf/IOUtils
instanceKlass jogamp/common/os/elf/Ehdr_p1
instanceKlass jogamp/common/os/elf/ElfHeaderPart1
instanceKlass com/jogamp/common/os/NativeLibrary$2
instanceKlass com/jogamp/common/os/NativeLibrary$1
instanceKlass com/jogamp/common/os/NativeLibrary$4
instanceKlass com/jogamp/common/os/NativeLibrary$3
instanceKlass com/jogamp/common/util/cache/TempJarCache
instanceKlass com/jogamp/common/util/IOUtil
instanceKlass com/jogamp/common/os/NativeLibrary$5
instanceKlass com/jogamp/common/os/DynamicLinker
instanceKlass com/jogamp/common/os/NativeLibrary
instanceKlass com/jogamp/common/os/DynamicLookupHelper
instanceKlass jogamp/common/os/PlatformPropsImpl$1
instanceKlass jogamp/common/os/PlatformPropsImpl$2
instanceKlass com/jogamp/common/util/ReflectionUtil
instanceKlass com/jogamp/common/os/AndroidVersion
instanceKlass com/jogamp/common/util/VersionNumber
instanceKlass com/jogamp/common/util/PropertyAccess$1
instanceKlass com/jogamp/common/util/SecurityUtil
instanceKlass jogamp/common/Debug$1
instanceKlass com/jogamp/common/util/PropertyAccess
instanceKlass jogamp/common/os/PlatformPropsImpl
instanceKlass com/jogamp/opengl/GLProfile
instanceKlass com/mathworks/hg/uij/OpenGLUtils
instanceKlass com/mathworks/hg/peer/JavaSceneServerPeer$JOGLState
instanceKlass com/jogamp/opengl/GLEventListener
instanceKlass com/mathworks/hg/peer/HGCanvasPeer
instanceKlass com/mathworks/hg/peer/FigurePeer$27
instanceKlass com/mathworks/hg/peer/ComponentContainer
instanceKlass com/mathworks/hg/peer/ObservableFigurePanel
instanceKlass com/mathworks/hg/peer/AbstractFigurePanelProxy
instanceKlass com/mathworks/hg/peer/FigureListener
instanceKlass com/mathworks/hg/peer/FigureJavaComponentListener
instanceKlass com/mathworks/hg/peer/FigureFrameProxyBaseAdapter
instanceKlass com/mathworks/hg/peer/FigureFrameProxy$FigureFrameKeyAdapter
instanceKlass com/mathworks/hg/peer/FigureFrameProxy$FigureFrameFullScreenListener
instanceKlass com/mathworks/mwswing/ControlKeyInterceptor
instanceKlass com/mathworks/hg/peer/FigureFrameProxy
instanceKlass com/mathworks/hg/peer/AbstractFigureFrameProxy
instanceKlass com/mathworks/hg/peer/FigureFocusTraversalPolicyFactory
instanceKlass com/mathworks/hg/peer/FigureEvent
instanceKlass com/mathworks/hg/peer/HeavyweightLightweightContainerFactory$FigurePrintable
instanceKlass com/mathworks/hg/peer/FigurePanelContainer
instanceKlass com/mathworks/hg/peer/FigureNotificationHandlerImpl
instanceKlass com/mathworks/hg/peer/FigureClientProxy$ShowEnabledHandler
instanceKlass com/mathworks/hg/peer/FigureClientProxy$ShowDisabledHandler
instanceKlass com/mathworks/hg/peer/FigureClientProxy$1
instanceKlass com/mathworks/hg/peer/PaintDisabled$PaintDisabledHandler
instanceKlass com/mathworks/hg/peer/PaintDisabled$PaintDisabledTargetHandler
instanceKlass com/mathworks/hg/peer/FigureClientProxy$ShowHandler
instanceKlass com/mathworks/hg/peer/FigureClientProxy
instanceKlass com/mathworks/hg/peer/PositionableFigureClientProxy
instanceKlass com/mathworks/hg/peer/EditTextPeer$1
instanceKlass com/mathworks/hg/peer/Echo$FireRunnable
instanceKlass com/mathworks/hg/peer/ComboboxPeer$ComboBoxElement
instanceKlass com/mathworks/hg/peer/AbstractUicontrolPeer$1
instanceKlass com/mathworks/hg/peer/ButtonGroupChild
instanceKlass com/mathworks/hg/peer/FigureComponent
instanceKlass com/mathworks/mlwidgets/help/ClassicHelpDataAccessor
instanceKlass com/mathworks/widgets/text/mcode/MLint$Category
instanceKlass com/mathworks/widgets/tooltip/BalloonToolTip$3
instanceKlass com/mathworks/widgets/LightButton$IntegerRoundRect
instanceKlass com/mathworks/widgets/LightButton$1
instanceKlass com/mathworks/widgets/text/mcode/MEditorUI$1
instanceKlass com/mathworks/widgets/datamodel/TextFileBackingStore$1
instanceKlass com/mathworks/widgets/Tokenizer$1
instanceKlass org/netbeans/editor/DrawEngine$1
instanceKlass org/netbeans/editor/Annotations$LineAnnotations
instanceKlass org/netbeans/editor/AnnotationDesc
instanceKlass org/netbeans/editor/SettingsUtil$TokenColoringEvaluator
instanceKlass org/netbeans/editor/FindSupport$IncSearchReturn
instanceKlass org/netbeans/editor/FindSupport$SearchPatternWrapper
instanceKlass org/netbeans/editor/FinderFactory$StringFinder
instanceKlass org/netbeans/editor/FinderFactory$BlocksFinder
instanceKlass org/netbeans/editor/FinderFactory
instanceKlass org/netbeans/editor/ActionFactory
instanceKlass org/netbeans/editor/TextBatchProcessor
instanceKlass org/netbeans/editor/TokenProcessor
instanceKlass com/mathworks/widgets/text/mcode/CmdManager$1
instanceKlass com/mathworks/widgets/text/mcode/MFormatter$1
instanceKlass com/mathworks/widgets/text/MWKit$CopySelectionValues
instanceKlass com/mathworks/widgets/text/MWKit$1
instanceKlass com/mathworks/widgets/text/PrintableDocument$1
instanceKlass com/mathworks/mlwidgets/stack/StackComboBox$Builder
instanceKlass com/mathworks/mde/editor/codepad/Codepad$EvalCompletionObserver
instanceKlass com/mathworks/mde/editor/codepad/Codepad$DemoPanelClosedListener
instanceKlass com/mathworks/mde/editor/codepad/Codepad$PopupCallback
instanceKlass com/mathworks/mde/editor/codepad/Codepad$UntitledCellObject
instanceKlass com/mathworks/mde/editor/EditorView$PageSetupRunnable
instanceKlass com/mathworks/mde/editor/EditorSyntaxTextPane$1
instanceKlass com/mathworks/toolbox/difflink/server/AutoStart$2
instanceKlass com/mathworks/comparisons/prefs/SettingsPreferenceRetriever
instanceKlass com/mathworks/comparisons/prefs/PreferenceRetriever
instanceKlass com/mathworks/comparisons/prefs/ComparisonPreferenceManager
instanceKlass com/mathworks/comparisons/prefs/ComparisonPreference
instanceKlass com/mathworks/toolbox/difflink/server/AutoStart
instanceKlass com/mathworks/mde/appdesigner/AppDesignerDebugServices$1
instanceKlass com/mathworks/mde/appdesigner/AppDesignerDebugServices
instanceKlass com/mathworks/mde/appdesigner/AppDesignerStartup
instanceKlass com/mathworks/mlwidgets/help/search/lucene/LuceneDocSearchEngine$1
instanceKlass org/apache/lucene/store/Directory
instanceKlass com/mathworks/mlwidgets/help/search/lucene/LuceneDocSearchEngine$DefaultDependencies
instanceKlass org/apache/commons/lang/builder/EqualsBuilder
instanceKlass com/mathworks/mlwidgets/help/HelpInfoItem
instanceKlass org/apache/commons/httpclient/protocol/ReflectionSocketFactory
instanceKlass com/mathworks/html/EncodingUtils$UrlDecoder
instanceKlass com/mathworks/html/RelativeUrl
instanceKlass com/mathworks/mlwidgets/help/DocCenterDocConfig$WebDocumentationSet
instanceKlass org/apache/axis2/transport/http/ProxyConfiguration
instanceKlass com/mathworks/html/UrlTransformer$TransformerVisitor
instanceKlass org/apache/axis2/transport/http/AxisRequestEntity
instanceKlass org/apache/axis2/transport/http/util/URLTemplatingUtil
instanceKlass com/mathworks/html/UrlVisitor
instanceKlass com/mathworks/html/ChildUrlRelativizer
instanceKlass com/mathworks/help/helpui/WebDocBaseRoots
instanceKlass org/apache/commons/httpclient/UsernamePasswordCredentials
instanceKlass org/apache/axis2/transport/TransportUtils
instanceKlass com/mathworks/mlwidgets/help/DocCenterDocConfig$DefaultNonProductDocHelper
instanceKlass org/apache/axiom/om/OMOutputFormat
instanceKlass com/mathworks/mlwidgets/help/DocCenterDocUrlParserFactory
instanceKlass org/apache/axis2/engine/Handler$InvocationResponse
instanceKlass com/mathworks/mlwidgets/help/ConnectorNonProductDocHelper
instanceKlass org/apache/axis2/description/ClientUtils
instanceKlass com/mathworks/mlwidgets/help/ConnectorDocUrlParserFactory
instanceKlass com/mathworks/mlwidgets/help/DocUrlParserFactory
instanceKlass com/mathworks/mlwidgets/help/DocCenterDocConfig$NonProductDocHelper
instanceKlass org/apache/axis2/databinding/utils/writer/MTOMAwareXMLStreamWriter
instanceKlass org/apache/axis2/databinding/ADBDataSource
instanceKlass com/mathworks/help/helpui/LocaleDocUrlLocalizer
instanceKlass org/apache/axiom/om/OMDataSourceExt
instanceKlass com/mathworks/help/helpui/DocUrlLocalizer
instanceKlass org/apache/axiom/soap/SOAP12Version
instanceKlass org/apache/axiom/soap/SOAP12Constants
instanceKlass org/apache/axiom/soap/SOAP11Version
instanceKlass org/apache/axiom/soap/SOAP11Constants
instanceKlass org/apache/axiom/soap/SOAPConstants
instanceKlass org/apache/axiom/soap/impl/llom/Checker
instanceKlass com/mathworks/mlwidgets/help/addon/InstalledDocSetItem
instanceKlass com/mathworks/mlwidgets/help/addon/InstalledToolboxFinder
instanceKlass com/mathworks/internal/activationws/client/AssociateUser
instanceKlass org/apache/axis2/client/async/AxisCallback
instanceKlass org/apache/axis2/context/HashMapUpdateLockable$UpdateLock
instanceKlass com/mathworks/mlwebservices/webproxy/AxisProxyConfigurationVisitor
instanceKlass com/mathworks/mlwebservices/webproxy/ProxyOptionsConfigurator
instanceKlass com/mathworks/mlwebservices/BaseOptionsConfigurator
instanceKlass com/mathworks/mlwebservices/OptionsConfigurator
instanceKlass org/apache/axis2/addressing/EndpointReference
instanceKlass org/apache/axis2/wsdl/WSDLUtil
instanceKlass org/apache/axis2/util/JavaUtils
instanceKlass org/apache/axis2/engine/AxisEvent
instanceKlass org/apache/axis2/transport/http/server/WorkerFactory
instanceKlass org/apache/axis2/transport/http/server/HttpConnectionManager
instanceKlass org/apache/http/params/HttpParams
instanceKlass org/apache/http/HttpResponseFactory
instanceKlass org/apache/axis2/transport/http/server/IOProcessor
instanceKlass org/apache/axis2/transport/http/server/ConnectionListenerFailureHandler
instanceKlass org/apache/http/ConnectionReuseStrategy
instanceKlass org/apache/http/protocol/HttpProcessor
instanceKlass org/apache/http/HttpResponseInterceptor
instanceKlass org/apache/http/HttpRequestInterceptor
instanceKlass org/apache/axis2/transport/http/HTTPConstants
instanceKlass org/apache/axis2/deployment/ServiceDeployer
instanceKlass org/apache/axis2/util/threadpool/ThreadFactory
instanceKlass org/apache/axis2/util/Utils
instanceKlass com/mathworks/toolbox/shared/computils/file/FileSorter$2
instanceKlass com/mathworks/toolbox/shared/computils/file/FileSorter
instanceKlass com/mathworks/toolbox/shared/computils/file/FileTree
instanceKlass java/util/concurrent/locks/ReentrantReadWriteLock$Sync$HoldCounter
instanceKlass com/mathworks/sourcecontrol/SCAdapterConnectionManager$3
instanceKlass org/apache/axis2/deployment/repository/util/DeploymentFileData
instanceKlass org/apache/axis2/engine/AxisEngine
instanceKlass org/apache/axis2/deployment/repository/util/WSInfoList
instanceKlass org/apache/axis2/deployment/RepositoryListener
instanceKlass org/apache/axis2/description/AxisModule
instanceKlass org/apache/axis2/deployment/ModuleDeployer
instanceKlass org/apache/axis2/deployment/TransportDeployer
instanceKlass org/apache/axis2/deployment/POJODeployer
instanceKlass com/mathworks/sourcecontrol/StringIcon
instanceKlass org/apache/axis2/transport/http/SOAPMessageFormatter
instanceKlass org/apache/axis2/transport/http/ApplicationXMLFormatter
instanceKlass org/apache/axis2/transport/http/MultipartFormDataFormatter
instanceKlass org/apache/axis2/transport/http/XFormURLEncodedFormatter
instanceKlass org/apache/axis2/transport/MessageFormatter
instanceKlass org/apache/axis2/deployment/DescriptionBuilder$2
instanceKlass org/apache/axis2/builder/XFormURLEncodedBuilder
instanceKlass org/apache/axis2/builder/ApplicationXMLBuilder
instanceKlass org/apache/axis2/builder/MTOMBuilder
instanceKlass com/mathworks/cmlink/util/ui/icon/CmlinkIcons$1
instanceKlass com/mathworks/cmlink/util/ui/icon/CmlinkIcons
instanceKlass com/mathworks/sourcecontrol/SCStatusCacheUtil
instanceKlass com/mathworks/mlwidgets/help/addon/DemoPath$DemoFileRunnable
instanceKlass org/apache/axis2/builder/SOAPBuilder
instanceKlass org/apache/axis2/builder/MIMEBuilder
instanceKlass org/apache/axis2/addressing/AddressingConstants
instanceKlass com/mathworks/sourcecontrol/SourceControlUI$2
instanceKlass org/apache/axis2/deployment/util/Utils$3
instanceKlass org/apache/axis2/deployment/util/Utils$2
instanceKlass org/apache/axis2/deployment/util/Utils
instanceKlass org/apache/axis2/transport/http/server/HttpFactory
instanceKlass org/apache/axis2/context/AbstractContext
instanceKlass org/apache/axis2/transport/http/SimpleHTTPServer
instanceKlass org/apache/axis2/transport/TransportListener
instanceKlass org/apache/axis2/transport/http/AbstractHTTPSender
instanceKlass org/apache/axis2/description/PhaseRule
instanceKlass org/apache/axis2/description/HandlerDescription
instanceKlass org/apache/axis2/handlers/AbstractHandler
instanceKlass org/apache/axis2/transport/TransportSender
instanceKlass org/apache/axis2/util/LoggingControl$1
instanceKlass org/apache/axis2/util/LoggingControl
instanceKlass org/apache/axis2/engine/Phase
instanceKlass org/apache/axis2/engine/Handler
instanceKlass org/apache/axis2/description/TransportOutDescription
instanceKlass org/apache/axis2/receivers/AbstractMessageReceiver
instanceKlass org/apache/axis2/engine/MessageReceiver
instanceKlass org/apache/axis2/deployment/DescriptionBuilder$1
instanceKlass org/apache/axis2/description/Parameter
instanceKlass com/ctc/wstx/io/BufferRecycler
instanceKlass com/ctc/wstx/util/DataUtil
instanceKlass com/ctc/wstx/io/WstxInputLocation
instanceKlass com/mathworks/widgets/text/mcode/analyzer/CodeAnalyzerMessageModel$CodeAnalyzerMessage
instanceKlass org/apache/axiom/om/impl/llom/OMAttributeImpl
instanceKlass org/apache/axiom/om/impl/util/EmptyIterator
instanceKlass org/apache/axiom/om/impl/builder/XOPBuilder
instanceKlass org/apache/axiom/om/impl/traverse/OMChildrenIterator
instanceKlass org/apache/axiom/om/util/OMXMLStreamReaderValidator
instanceKlass javax/xml/stream/util/StreamReaderDelegate
instanceKlass org/apache/axiom/om/OMXMLStreamReader
instanceKlass org/apache/axiom/om/OMAttachmentAccessor
instanceKlass org/apache/axiom/om/impl/OMNamespaceImpl
instanceKlass org/apache/axiom/om/OMConstants
instanceKlass org/apache/axiom/om/impl/OMNodeEx
instanceKlass org/apache/axiom/om/impl/llom/OMSerializableImpl
instanceKlass org/apache/axiom/ext/io/ReadFromSupport
instanceKlass org/apache/axiom/util/blob/WritableBlob
instanceKlass org/apache/axiom/util/blob/Blob
instanceKlass java/awt/geom/EllipseIterator
instanceKlass javax/activation/DataSource
instanceKlass org/apache/axiom/ext/stax/datahandler/DataHandlerReader
instanceKlass org/apache/axiom/util/stax/XMLStreamReaderUtils
instanceKlass org/apache/axiom/om/impl/builder/DataHandlerReaderUtils
instanceKlass org/apache/axiom/om/impl/builder/BuilderAwareReader
instanceKlass org/apache/axiom/om/impl/OMContainerEx
instanceKlass org/apache/axiom/ext/stax/datahandler/DataHandlerProvider
instanceKlass org/apache/axiom/om/impl/builder/StAXBuilder
instanceKlass org/apache/axiom/om/OMXMLParserWrapper
instanceKlass org/apache/axiom/util/stax/wrapper/XMLStreamReaderWrapper
instanceKlass org/apache/axiom/ext/stax/DelegatingXMLStreamReader
instanceKlass com/ctc/wstx/compat/JdkImpl
instanceKlass com/ctc/wstx/compat/JdkInfo
instanceKlass com/ctc/wstx/compat/JdkFeatures
instanceKlass com/ctc/wstx/util/TextBuffer
instanceKlass com/ctc/wstx/util/TextBuilder
instanceKlass com/ctc/wstx/util/StringVector
instanceKlass com/ctc/wstx/util/BaseNsContext
instanceKlass com/ctc/wstx/util/EmptyIterator
instanceKlass com/ctc/wstx/sr/AttributeCollector
instanceKlass org/codehaus/stax2/validation/XMLValidator
instanceKlass com/ctc/wstx/sr/NsDefaultProvider
instanceKlass org/codehaus/stax2/validation/DTDValidationSchema
instanceKlass org/codehaus/stax2/validation/XMLValidationSchema
instanceKlass com/ctc/wstx/sr/InputElementStack
instanceKlass org/codehaus/stax2/validation/ValidationContext
instanceKlass org/codehaus/stax2/AttributeInfo
instanceKlass org/codehaus/stax2/XMLStreamLocation2
instanceKlass com/ctc/wstx/io/WstxInputData
instanceKlass com/ctc/wstx/cfg/ParsingErrorMsgs
instanceKlass com/ctc/wstx/sr/InputProblemReporter
instanceKlass org/codehaus/stax2/LocationInfo
instanceKlass org/codehaus/stax2/DTDInfo
instanceKlass com/ctc/wstx/sr/StreamReaderImpl
instanceKlass com/ctc/wstx/io/WstxInputSource
instanceKlass com/ctc/wstx/io/InputSourceFactory
instanceKlass javax/xml/stream/Location
instanceKlass org/apache/axiom/om/util/StAXUtils$2
instanceKlass javax/xml/stream/XMLOutputFactory
instanceKlass org/apache/axiom/util/stax/dialect/AbstractStAXDialect
instanceKlass org/apache/axiom/util/stax/dialect/StAXDialect
instanceKlass org/apache/axiom/util/stax/dialect/StAXDialectDetector
instanceKlass com/ctc/wstx/util/ArgUtil
instanceKlass com/ctc/wstx/api/WstxInputProperties$ParsingMode
instanceKlass com/ctc/wstx/api/WstxInputProperties
instanceKlass com/ctc/wstx/api/CommonConfig
instanceKlass com/ctc/wstx/util/SymbolTable$Bucket
instanceKlass com/ctc/wstx/util/SymbolTable
instanceKlass com/ctc/wstx/util/DefaultXmlSymbolTable
instanceKlass org/codehaus/stax2/XMLEventReader2
instanceKlass javax/xml/stream/XMLEventReader
instanceKlass com/ctc/wstx/io/InputBootstrapper
instanceKlass javax/xml/transform/stream/StreamSource
instanceKlass org/codehaus/stax2/io/Stax2Source
instanceKlass org/codehaus/stax2/XMLStreamReader2
instanceKlass org/codehaus/stax2/validation/Validatable
instanceKlass javax/xml/stream/util/XMLEventAllocator
instanceKlass org/codehaus/stax2/XMLStreamProperties
instanceKlass com/ctc/wstx/cfg/InputConfigFlags
instanceKlass com/ctc/wstx/sr/ReaderCreator
instanceKlass javax/xml/stream/FactoryFinder$1
instanceKlass javax/xml/stream/SecuritySupport$5
instanceKlass javax/xml/stream/SecuritySupport$2
instanceKlass javax/xml/stream/SecuritySupport
instanceKlass javax/xml/stream/FactoryFinder
instanceKlass javax/xml/stream/XMLInputFactory
instanceKlass org/apache/axiom/om/util/StAXUtils$7
instanceKlass org/apache/axiom/om/util/StAXParserConfiguration$4
instanceKlass org/apache/axiom/om/util/StAXParserConfiguration$3
instanceKlass javax/xml/stream/XMLResolver
instanceKlass org/apache/axiom/om/util/StAXParserConfiguration$2
instanceKlass org/apache/axiom/om/util/StAXParserConfiguration$1
instanceKlass org/apache/axiom/om/util/StAXParserConfiguration
instanceKlass org/apache/axiom/om/util/StAXUtils$9
instanceKlass org/apache/axiom/om/util/StAXUtils
instanceKlass org/apache/axis2/util/XMLUtils
instanceKlass org/apache/axis2/deployment/DescriptionBuilder
instanceKlass java/util/AbstractList$1
instanceKlass org/apache/axis2/deployment/util/PhasesInfo
instanceKlass org/apache/axis2/engine/AxisConfiguration$1
instanceKlass org/apache/axis2/builder/Builder
instanceKlass org/apache/axis2/util/TargetResolver
instanceKlass org/apache/axis2/util/Loader$1
instanceKlass org/apache/axis2/util/Loader
instanceKlass org/apache/axis2/deployment/Deployer
instanceKlass org/apache/ws/commons/schema/resolver/URIResolver
instanceKlass javax/wsdl/xml/WSDLLocator
instanceKlass org/apache/axis2/deployment/DeploymentEngine
instanceKlass org/apache/axis2/deployment/DeploymentConstants
instanceKlass org/apache/axis2/engine/AxisConfigurator
instanceKlass org/apache/axis2/context/ConfigurationContextFactory
instanceKlass org/apache/axis2/description/TransportInDescription
instanceKlass org/apache/axis2/engine/ListenerManager
instanceKlass org/apache/axis2/client/Options
instanceKlass org/apache/axiom/om/util/UUIDGenerator
instanceKlass org/apache/axis2/util/Counter
instanceKlass org/apache/axis2/client/ServiceClient
instanceKlass org/apache/axis2/client/OperationClient
instanceKlass org/apache/axis2/engine/DefaultObjectSupplier
instanceKlass org/apache/axis2/java/security/AccessController
instanceKlass org/apache/axis2/description/AxisService$1
instanceKlass org/apache/axis2/dataretrieval/LocatorType
instanceKlass org/apache/neethi/PolicyComponent
instanceKlass org/apache/axis2/description/PolicySubject
instanceKlass org/apache/axis2/description/ParameterIncludeImpl
instanceKlass org/apache/axis2/context/externalize/SafeSerializable
instanceKlass org/apache/axiom/soap/SOAPFaultNode
instanceKlass org/apache/axiom/soap/SOAPVersion
instanceKlass org/apache/axiom/soap/SOAPFault
instanceKlass org/apache/axiom/soap/SOAPHeader
instanceKlass org/apache/axiom/soap/SOAPBody
instanceKlass org/apache/axiom/soap/SOAPMessage
instanceKlass org/apache/axiom/soap/SOAPEnvelope
instanceKlass org/apache/axiom/soap/SOAPFaultReason
instanceKlass org/apache/axiom/soap/SOAPFaultSubCode
instanceKlass org/apache/axiom/soap/SOAPFaultCode
instanceKlass org/apache/axiom/soap/SOAPFaultClassifier
instanceKlass org/apache/axiom/soap/SOAPFaultDetail
instanceKlass org/apache/axiom/soap/SOAPFaultText
instanceKlass org/apache/axiom/soap/SOAPFaultValue
instanceKlass org/apache/axiom/soap/SOAPHeaderBlock
instanceKlass org/apache/axiom/soap/SOAPFaultRole
instanceKlass org/apache/axiom/om/OMAttribute
instanceKlass org/apache/axiom/om/OMNamespace
instanceKlass org/apache/axiom/om/OMProcessingInstruction
instanceKlass org/apache/axiom/om/OMDocument
instanceKlass org/apache/axiom/om/OMSourcedElement
instanceKlass org/apache/axiom/om/OMDocType
instanceKlass org/apache/axiom/om/OMComment
instanceKlass org/apache/axiom/om/OMText
instanceKlass org/apache/axiom/om/impl/llom/factory/OMLinkedListImplFactory
instanceKlass org/apache/axiom/soap/SOAPFactory
instanceKlass org/apache/axiom/om/impl/llom/factory/OMLinkedListMetaFactory
instanceKlass org/apache/axiom/om/OMMetaFactory
instanceKlass org/apache/axiom/om/OMAbstractFactory
instanceKlass org/apache/axis2/dataretrieval/AxisDataLocator
instanceKlass org/apache/axis2/engine/ObjectSupplier
instanceKlass org/apache/ws/commons/schema/XmlSchemaObject
instanceKlass org/apache/ws/commons/schema/utils/NamespaceContextOwner
instanceKlass javax/wsdl/Definition
instanceKlass javax/wsdl/WSDLElement
instanceKlass javax/wsdl/extensions/ElementExtensible
instanceKlass javax/wsdl/extensions/AttributeExtensible
instanceKlass org/apache/ws/commons/schema/utils/NamespacePrefixList
instanceKlass org/apache/axis2/description/java2wsdl/DefaultSchemaGenerator
instanceKlass org/apache/axis2/description/java2wsdl/SchemaGenerator
instanceKlass org/apache/axis2/description/java2wsdl/Java2WSDLConstants
instanceKlass javax/wsdl/extensions/soap/SOAPAddress
instanceKlass javax/wsdl/extensions/ExtensibilityElement
instanceKlass org/apache/axiom/om/OMFactory
instanceKlass org/apache/axis2/description/AxisDescription
instanceKlass org/apache/axis2/description/DescriptionConstants
instanceKlass org/apache/axis2/description/ParameterInclude
instanceKlass org/apache/axis2/wsdl/WSDLConstants
instanceKlass com/mathworks/matlab_login/MatlabLogin$3$1
instanceKlass com/mathworks/matlab_login/AssociateUser
instanceKlass com/mathworks/matlab_login/LoginInfo
instanceKlass com/mathworks/internal/activationws/client/ArrayOfString
instanceKlass com/mathworks/internal/activationws/client/MWAResponse
instanceKlass org/apache/axis2/client/Stub
instanceKlass com/mathworks/webservices/authenticationws/client/rest/response/ServiceResponse
instanceKlass com/mathworks/webservices/client/core/auth/ProxyServerCredentialsProvider
instanceKlass com/mathworks/matlab_login/LoginWorkspace$MyProxyConfigurationVisitor
instanceKlass com/mathworks/webservices/authenticationws/client/rest/raw/RawByteResponseHandler
instanceKlass com/mathworks/webservices/authenticationws/client/rest/http/ContentTypeBaseHandler
instanceKlass com/mathworks/mlwidgets/html/HtmlComponentFactory$1
instanceKlass com/mathworks/html/HtmlContextMenuBuilder
instanceKlass com/mathworks/html/RequestHandler
instanceKlass com/mathworks/html/HtmlPanelSupportFactory
instanceKlass com/mathworks/html/NewBrowserListener
instanceKlass com/mathworks/html/HtmlPanel
instanceKlass com/mathworks/mlwidgets/html/BrowserTypeConfig
instanceKlass com/mathworks/helpsearch/product/DocCustomToolbox
instanceKlass com/mathworks/mlwidgets/help/DocCustomToolboxBuilder
instanceKlass com/mathworks/toolbox/shared/hwconnectinstaller/util/registry/SupportPackageRootHelpLoader$1
instanceKlass com/mathworks/toolbox/shared/hwconnectinstaller/util/registry/InstalledPackageInspector
instanceKlass com/mathworks/toolbox/shared/hwconnectinstaller/util/registry/InstalledPackageInfo
instanceKlass com/mathworks/mlwidgets/help/addon/InstalledPackageAccessor$DefaultSupportPackageInspectorProvider
instanceKlass com/mathworks/help/helpui/addon/InProductDocAddOn
instanceKlass com/mathworks/helpsearch/product/DocAddOn
instanceKlass com/mathworks/helpsearch/HelpPathBuilder
instanceKlass com/mathworks/mlwidgets/help/DocSupportPackageBuilder
instanceKlass com/mathworks/search/SearchExpression
instanceKlass com/mathworks/search/Visitable
instanceKlass com/mathworks/webservices/authenticationws/client/rest/response/package-info
instanceKlass com/mathworks/webservices/authenticationws/client/rest/response/ResendVerificationCodeDetailResponse
instanceKlass com/mathworks/webservices/authenticationws/client/rest/response/Token
instanceKlass com/mathworks/helpsearch/SearchExpressionFilter
instanceKlass com/mathworks/webservices/authenticationws/client/rest/response/MfaPendingToken
instanceKlass com/mathworks/webservices/authenticationws/client/rest/response/Error
instanceKlass com/mathworks/webservices/authenticationws/client/rest/response/ReferenceDetail
instanceKlass com/mathworks/webservices/authenticationws/client/rest/response/ErrorResponse
instanceKlass com/mathworks/webservices/authenticationws/client/rest/response/StandardResponse
instanceKlass com/mathworks/webservices/authenticationws/client/rest/response/ObjectFactory
instanceKlass com/mathworks/webservices/authenticationws/client/rest/xml/JaxbResponseHandler
instanceKlass com/mathworks/helpsearch/product/AbstractDocSetItem
instanceKlass com/mathworks/helpsearch/product/PropertiesBaseCodeMapBuilder
instanceKlass com/mathworks/helpsearch/HelpLocation
instanceKlass com/mathworks/helpsearch/product/BaseCodeMapBuilder
instanceKlass com/mathworks/helpsearch/product/DocSetParser
instanceKlass com/mathworks/webservices/authenticationws/client/rest/request/BaseLoginServiceRequest
instanceKlass com/mathworks/webservices/authenticationws/client/rest/http/ResponseHandler
instanceKlass com/mathworks/helpsearch/product/SimpleDocumentationSetBuilder$AddDocSetItemVisitor
instanceKlass com/mathworks/helpsearch/product/ProductBaseCodeMap
instanceKlass com/mathworks/webservices/authenticationws/client/rest/AuthenticationWSClient
instanceKlass com/mathworks/webservices/authenticationws/client/rest/AuthenticationWSClientFactory
instanceKlass com/mathworks/helpsearch/product/SimpleDocumentationSet
instanceKlass com/mathworks/helpsearch/product/DocSetItemVisitor
instanceKlass com/mathworks/helpsearch/product/SimpleDocumentationSetBuilder
instanceKlass com/mathworks/helpsearch/product/DocumentationSetBuilder
instanceKlass com/mathworks/help/helpui/ContentFormatManager
instanceKlass com/mathworks/mlwidgets/help/NonProductDocSetItemBuilder
instanceKlass com/mathworks/mlwidgets/help/addon/InstalledToolboxAccessor$HelpPrefsListener
instanceKlass com/mathworks/mlwidgets/help/addon/InstalledToolboxAccessor$ProductInfoListener
instanceKlass com/mathworks/mlwidgets/help/addon/DemoPath$MatlabPathListener
instanceKlass com/mathworks/help/helpui/HelpPathUtils
instanceKlass com/mathworks/mlwidgets/help/DefaultAddOnFileProvider
instanceKlass com/mathworks/mlwidgets/help/DemosXmlFileProvider
instanceKlass com/mathworks/mlwidgets/help/AddOnFileProvider
instanceKlass com/mathworks/mlwidgets/help/addon/DemoPath
instanceKlass com/mathworks/mlwidgets/help/addon/InstalledToolboxAccessor$DemoListener
instanceKlass com/mathworks/mlwidgets/help/addon/InstalledToolboxAccessor
instanceKlass com/mathworks/matlab_login/WebServiceProxy
instanceKlass com/mathworks/internal/activationws/client/ActivationService
instanceKlass com/mathworks/mlwidgets/help/addon/SupportPackageInspectorProvider
instanceKlass com/mathworks/mlwidgets/help/addon/InstalledPackageAccessor
instanceKlass com/mathworks/mlwidgets/help/ProductFilterModel$DefaultDependencyProvider
instanceKlass com/mathworks/mlwidgets/help/ProductFilterModel$DependencyProvider
instanceKlass com/mathworks/mlwidgets/help/ProductFilterModel
instanceKlass com/mathworks/sourcecontrol/SourceControlUI$1
instanceKlass com/mathworks/cmlink/management/cache/RolledUpStatusCache$2
instanceKlass com/mathworks/cmlink/management/cache/RolledUpStatusCache$1
instanceKlass com/mathworks/cmlink/management/cache/RolledUpStatusCache
instanceKlass com/mathworks/sourcecontrol/CaseCorrectRolledUpStatusCache
instanceKlass com/mathworks/matlab_login/LoginWorkspace
instanceKlass com/mathworks/matlab_login/MatlabLogin$3
instanceKlass com/mathworks/toolbox/cmlinkutils/string/Padder
instanceKlass com/mathworks/mde/desk/LoginStatusIndicator$5
instanceKlass com/mathworks/mde/desk/LoginStatusIndicator$4
instanceKlass java/lang/Throwable$PrintStreamOrWriter
instanceKlass com/mathworks/mde/desk/LoginStatusIndicator$6
instanceKlass com/mathworks/toolbox/cmlinkutils/logging/FileBasedLogWriterFactory$FileBasedLogWriter
instanceKlass com/mathworks/mde/desk/LoginStatusIndicator$3
instanceKlass com/mathworks/matlab_login/LoginMessages
instanceKlass com/mathworks/matlab_login/EmbeddedLoginInfo
instanceKlass com/mathworks/webservices/urlmanager/ReleaseEnvImpl
instanceKlass com/mathworks/cmlink/util/decoration/CMAdapterRepetitiveDecorator$14
instanceKlass com/mathworks/fl/i18n/MwLocaleManagementSystem
instanceKlass com/mathworks/cmlink/management/queue/CMAdapterQueued$17
instanceKlass javax/swing/Autoscroller
instanceKlass com/mathworks/product/comparator/MatlabeticalProductNameComparator
instanceKlass com/mathworks/product/AbstractProduct
instanceKlass com/mathworks/sourcecontrol/sandboxcreation/statuswidget/progressindication/ProgressEventBroadcaster$1
instanceKlass com/mathworks/mwswing/JEditorPaneHyperlinkHandler$7
instanceKlass com/mathworks/mwswing/AppearanceFocusEvent
instanceKlass javax/swing/text/JTextComponent$InputMethodRequestsHandler
instanceKlass java/text/AttributedString$AttributedStringIterator
instanceKlass sun/awt/im/CompositionAreaHandler
instanceKlass java/awt/KeyboardFocusManager$3
instanceKlass java/awt/KeyboardFocusManager$4
instanceKlass com/mathworks/widgets/find/FindClientRegistry$6
instanceKlass com/mathworks/widgets/find/LookinItem
instanceKlass com/mathworks/widgets/find/FindClientRegistry$RegisteredComponent
instanceKlass com/mathworks/widgets/find/FindClientRegistry$3
instanceKlass com/mathworks/widgets/find/FindClientRegistry
instanceKlass org/apache/commons/lang/IntHashMap$Entry
instanceKlass org/apache/commons/lang/IntHashMap
instanceKlass org/apache/commons/lang/Entities$PrimitiveEntityMap
instanceKlass org/apache/commons/lang/Entities$EntityMap
instanceKlass com/mathworks/widgets/grouptable/GroupingTableRow$1$1
instanceKlass org/apache/commons/lang/Entities
instanceKlass com/mathworks/widgets/spreadsheet/IntervalSet$Interval
instanceKlass com/mathworks/widgets/recordlist/RecordlistModelEvent$RLEventType
instanceKlass com/mathworks/widgets/recordlist/RecordlistModelEvent
instanceKlass com/icl/saxon/om/Name
instanceKlass com/icl/saxon/ContentEmitter
instanceKlass com/icl/saxon/charcode/UnicodeCharacterSet
instanceKlass com/icl/saxon/charcode/CharacterSetFactory
instanceKlass com/icl/saxon/tree/AttributeCollection
instanceKlass sun/security/ssl/SSLSocketImpl$NotifyHandshakeThread$1
instanceKlass sun/net/www/protocol/http/AuthCacheImpl
instanceKlass sun/net/www/protocol/http/AuthCache
instanceKlass sun/net/www/protocol/http/AuthCacheValue
instanceKlass com/icl/saxon/charcode/CharacterSet
instanceKlass org/xml/sax/helpers/NamespaceSupport$Context
instanceKlass org/xml/sax/helpers/NamespaceSupport
instanceKlass javax/xml/transform/sax/SAXSource
instanceKlass javax/xml/transform/dom/DOMSource
instanceKlass net/sf/saxon/dom/DOMNodeList
instanceKlass net/sf/saxon/om/ArrayIterator
instanceKlass net/sf/saxon/expr/FilterIterator
instanceKlass net/sf/saxon/om/EmptyIterator
instanceKlass net/sf/saxon/om/AxisIteratorImpl
instanceKlass net/sf/saxon/expr/ContextMappingIterator
instanceKlass net/sf/saxon/expr/StackFrame
instanceKlass net/sf/saxon/om/SingletonIterator
instanceKlass net/sf/saxon/om/LookaheadIterator
instanceKlass net/sf/saxon/om/GroundedIterator
instanceKlass net/sf/saxon/expr/LastPositionFinder
instanceKlass net/sf/saxon/expr/ReversibleIterator
instanceKlass net/sf/saxon/StandardErrorListener
instanceKlass net/sf/saxon/trans/StandardUnparsedTextResolver
instanceKlass com/sun/crypto/provider/GHASH
instanceKlass com/sun/crypto/provider/GCTR
instanceKlass com/sun/crypto/provider/PKCS5Padding
instanceKlass com/sun/crypto/provider/Padding
instanceKlass com/sun/crypto/provider/FeedbackCipher
instanceKlass com/sun/crypto/provider/CipherCore
instanceKlass com/sun/crypto/provider/AESConstants
instanceKlass net/sf/saxon/event/StandardOutputResolver
instanceKlass com/sun/crypto/provider/SymmetricCipher
instanceKlass net/sf/saxon/instruct/Bindery
instanceKlass javax/crypto/CipherSpi
instanceKlass javax/crypto/spec/GCMParameterSpec
instanceKlass net/sf/saxon/trans/UnparsedTextURIResolver
instanceKlass sun/security/ssl/CipherBox$1
instanceKlass javax/crypto/Cipher$Transform
instanceKlass net/sf/saxon/instruct/TailCall
instanceKlass sun/security/internal/spec/TlsPrfParameterSpec
instanceKlass net/sf/saxon/trans/Mode
instanceKlass sun/security/internal/spec/TlsKeyMaterialSpec
instanceKlass javax/crypto/spec/IvParameterSpec
instanceKlass sun/security/internal/spec/TlsKeyMaterialParameterSpec
instanceKlass com/sun/crypto/provider/TlsMasterSecretGenerator$TlsMasterSecretKey
instanceKlass sun/security/internal/interfaces/TlsMasterSecret
instanceKlass javax/crypto/KeyGeneratorSpi
instanceKlass net/sf/saxon/expr/XPathContextMinor
instanceKlass net/sf/saxon/om/AxisIterator
instanceKlass net/sf/saxon/dom/NodeWrapper
instanceKlass net/sf/saxon/om/SiblingCountingNode
instanceKlass net/sf/saxon/om/VirtualNode
instanceKlass javax/xml/xpath/XPathConstants
instanceKlass net/sf/saxon/xpath/XPathExpressionImpl
instanceKlass net/sf/saxon/sort/LocalOrderComparer
instanceKlass net/sf/saxon/sort/CodepointCollatingComparer
instanceKlass net/sf/saxon/sort/GenericAtomicComparer
instanceKlass net/sf/saxon/expr/EarlyEvaluationContext
instanceKlass net/sf/saxon/sxpath/XPathStaticContext
instanceKlass net/sf/saxon/expr/CollationMap
instanceKlas